#
# A fatal error has been detected by the Java Runtime Environment:
#
#  EXCEPTION_ACCESS_VIOLATION (0xc0000005) at pc=0x5ec48893, pid=7880, tid=0x0000394c
#
# JRE version: Java(TM) SE Runtime Environment (8.0_111-b14) (build 1.8.0_111-b14)
# Java VM: Java HotSpot(TM) Client VM (25.111-b14 mixed mode, sharing windows-x86 )
# Problematic frame:
# C  [ig9icd32.dll+0x78893]
#
# Failed to write core dump. Minidumps are not enabled by default on client versions of Windows
#
# If you would like to submit a bug report, please visit:
#   http://bugreport.java.com/bugreport/crash.jsp
# The crash happened outside the Java Virtual Machine in native code.
# See problematic frame for where to report the bug.
#

---------------  T H R E A D  ---------------

Current thread (0x0230e400):  JavaThread "main" [_thread_in_native, id=14668, stack(0x00a40000,0x00a90000)]

siginfo: ExceptionCode=0xc0000005, reading address 0x1d630000

Registers:
EAX=0x1d62ffc0, EBX=0x196e1c00, ECX=0x0000000b, EDX=0x00000b40
ESP=0x00a8f4ec, EBP=0x00a8f4f0, ESI=0x00a8f574, EDI=0x196e2180
EIP=0x5ec48893, EFLAGS=0x00010203

Top of Stack: (sp=0x00a8f4ec)
0x00a8f4ec:   1d62fa40 00a8f518 5efa948c 196e1c00
0x00a8f4fc:   00000000 00000b40 00a8f6b8 00a8f674
0x00a8f50c:   00a8f654 00000b40 00000086 00a8f5c0
0x00a8f51c:   5efaa2f0 00a8f6b8 00000000 1ca30638
0x00a8f52c:   1ca30648 00000000 00000000 000be168
0x00a8f53c:   00000000 00a8f574 5ec00678 1ca30648
0x00a8f54c:   00000000 00a8f5c0 00a8f5ac 16b1bef8
0x00a8f55c:   1b546040 00000000 5efa98f2 1b546040 

Instructions: (pc=0x5ec48893)
0x5ec48873:   00 00 00 85 c9 74 5d 8d 9b 00 00 00 00 66 0f 6f
0x5ec48883:   38 66 0f 6f 70 10 66 0f 6f 68 20 66 0f 6f 60 30
0x5ec48893:   66 0f 6f 58 40 66 0f 6f 50 50 66 0f 6f 48 60 66
0x5ec488a3:   0f 6f 40 70 83 e8 80 66 0f e7 3f 66 0f e7 77 10 


Register to memory mapping:

EAX=0x1d62ffc0 is an unknown value
EBX=0x196e1c00 is an unknown value
ECX=0x0000000b is an unknown value
EDX=0x00000b40 is an unknown value
ESP=0x00a8f4ec is pointing into the stack for thread: 0x0230e400
EBP=0x00a8f4f0 is pointing into the stack for thread: 0x0230e400
ESI=0x00a8f574 is pointing into the stack for thread: 0x0230e400
EDI=0x196e2180 is an unknown value


Stack: [0x00a40000,0x00a90000],  sp=0x00a8f4ec,  free space=317k
Native frames: (J=compiled Java code, j=interpreted, Vv=VM code, C=native code)
C  [ig9icd32.dll+0x78893]
C  [ig9icd32.dll+0x3d948c]
C  [ig9icd32.dll+0x3da2f0]
C  [ig9icd32.dll+0x3ddb09]
C  [ig9icd32.dll+0x226afd]
C  [ig9icd32.dll+0x22689b]
C  [ig9icd32.dll+0x3afd9]
C  [ig9icd32.dll+0x43a1c]
C  [ig9icd32.dll+0x4c3ab]
C  [opengl32.dll+0x27c2e]
C  [lwjgl_opengl32.dll+0x105f5]
j  org.lwjgl.opengl.GL11.glTexImage2D(IIIIIIIILjava/nio/ByteBuffer;)V+17
j  CGA.User.DataStructures.Texture2D.processTexture(Ljava/nio/ByteBuffer;IIZ)V+30
j  CGA.User.DataStructures.Texture2D.<init>(Ljava/lang/String;Z)V+93
j  CGA.Framework.ModelLoader.loadModel(Ljava/lang/String;FFF)LCGA/User/DataStructures/Geometry/Renderable;+261
j  CGA.User.Game.Scene.init()Z+31
j  CGA.User.Game.Game.init()V+9
j  CGA.Framework.GameWindow.run()V+21
j  CGA.User.main.main([Ljava/lang/String;)V+21
v  ~StubRoutines::call_stub
V  [jvm.dll+0x15a895]
V  [jvm.dll+0x220bfe]
V  [jvm.dll+0x15a92e]
V  [jvm.dll+0xdc597]
V  [jvm.dll+0xe4b2f]
C  [java.exe+0x229e]
C  [java.exe+0xaeaf]
C  [java.exe+0xaf39]
C  [KERNEL32.DLL+0x18494]
C  [ntdll.dll+0x641c8]
C  [ntdll.dll+0x64198]
C  0x00000000

Java frames: (J=compiled Java code, j=interpreted, Vv=VM code)
j  org.lwjgl.opengl.GL11.nglTexImage2D(IIIIIIIIJ)V+0
j  org.lwjgl.opengl.GL11.glTexImage2D(IIIIIIIILjava/nio/ByteBuffer;)V+17
j  CGA.User.DataStructures.Texture2D.processTexture(Ljava/nio/ByteBuffer;IIZ)V+30
j  CGA.User.DataStructures.Texture2D.<init>(Ljava/lang/String;Z)V+93
j  CGA.Framework.ModelLoader.loadModel(Ljava/lang/String;FFF)LCGA/User/DataStructures/Geometry/Renderable;+261
j  CGA.User.Game.Scene.init()Z+31
j  CGA.User.Game.Game.init()V+9
j  CGA.Framework.GameWindow.run()V+21
j  CGA.User.main.main([Ljava/lang/String;)V+21
v  ~StubRoutines::call_stub

---------------  P R O C E S S  ---------------

Java Threads: ( => current thread )
  0x1581c800 JavaThread "Service Thread" daemon [_thread_blocked, id=3008, stack(0x15c60000,0x15cb0000)]
  0x1581b400 JavaThread "C1 CompilerThread0" daemon [_thread_blocked, id=12404, stack(0x15c10000,0x15c60000)]
  0x1581a000 JavaThread "Monitor Ctrl-Break" daemon [_thread_in_native, id=9032, stack(0x15130000,0x15180000)]
  0x023a7000 JavaThread "Attach Listener" daemon [_thread_blocked, id=11276, stack(0x14ea0000,0x14ef0000)]
  0x023a5000 JavaThread "Signal Dispatcher" daemon [_thread_blocked, id=7712, stack(0x14e10000,0x14e60000)]
  0x0239b400 JavaThread "Finalizer" daemon [_thread_blocked, id=10132, stack(0x14c60000,0x14cb0000)]
  0x0233e800 JavaThread "Reference Handler" daemon [_thread_blocked, id=2748, stack(0x04770000,0x047c0000)]
=>0x0230e400 JavaThread "main" [_thread_in_native, id=14668, stack(0x00a40000,0x00a90000)]

Other Threads:
  0x0233ac00 VMThread [stack: 0x046e0000,0x04730000] [id=8624]
  0x15899400 WatcherThread [stack: 0x15cf0000,0x15d40000] [id=6212]

VM state:not at safepoint (normal execution)

VM Mutex/Monitor currently owned by a thread: None

Heap:
 def new generation   total 4928K, used 1202K [0x04800000, 0x04d50000, 0x09d50000)
  eden space 4416K,  15% used [0x04800000, 0x048ac8c0, 0x04c50000)
  from space 512K, 100% used [0x04cd0000, 0x04d50000, 0x04d50000)
  to   space 512K,   0% used [0x04c50000, 0x04c50000, 0x04cd0000)
 tenured generation   total 10944K, used 8902K [0x09d50000, 0x0a800000, 0x14800000)
   the space 10944K,  81% used [0x09d50000, 0x0a601b88, 0x0a601c00, 0x0a800000)
 Metaspace       used 2894K, capacity 4609K, committed 4736K, reserved 5504K

Card table byte_map: [0x02610000,0x026a0000] byte_map_base: 0x025ec000

Polling page: 0x00a90000

CodeCache: size=32768Kb used=1337Kb max_used=1337Kb free=31430Kb
 bounds [0x026e0000, 0x02830000, 0x046e0000]
 total_blobs=919 nmethods=432 adapters=418
 compilation: enabled

Compilation events (10 events):
Event: 1.568 Thread 0x1581b400  432             java.util.jar.Attributes$Name::isValid (32 bytes)
Event: 1.568 Thread 0x1581b400 nmethod 432 0x0282dac8 code [0x0282dbc0, 0x0282dcd0]
Event: 1.568 Thread 0x1581b400  433             java.util.jar.Attributes$Name::isAlpha (30 bytes)
Event: 1.568 Thread 0x1581b400 nmethod 433 0x0282dd08 code [0x0282de00, 0x0282deb0]
Event: 1.570 Thread 0x1581b400  434             java.lang.invoke.LambdaForm$BasicType::basicType (19 bytes)
Event: 1.570 Thread 0x1581b400 nmethod 434 0x0282e088 code [0x0282e1a0, 0x0282e284]
Event: 1.578 Thread 0x1581b400  435             java.lang.String::toLowerCase (8 bytes)
Event: 1.578 Thread 0x1581b400 nmethod 435 0x0282e388 code [0x0282e490, 0x0282e52c]
Event: 1.578 Thread 0x1581b400  436             java.util.Locale::getDefault (4 bytes)
Event: 1.578 Thread 0x1581b400 nmethod 436 0x0282e588 code [0x0282e680, 0x0282e700]

GC Heap History (10 events):
Event: 1.489 GC heap before
{Heap before GC invocations=6 (full 0):
 def new generation   total 4928K, used 4928K [0x04800000, 0x04d50000, 0x09d50000)
  eden space 4416K, 100% used [0x04800000, 0x04c50000, 0x04c50000)
  from space 512K, 100% used [0x04c50000, 0x04cd0000, 0x04cd0000)
  to   space 512K,   0% used [0x04cd0000, 0x04cd0000, 0x04d50000)
 tenured generation   total 10944K, used 2662K [0x09d50000, 0x0a800000, 0x14800000)
   the space 10944K,  24% used [0x09d50000, 0x09fe9a40, 0x09fe9c00, 0x0a800000)
 Metaspace       used 2767K, capacity 4506K, committed 4608K, reserved 5504K
Event: 1.493 GC heap after
Heap after GC invocations=7 (full 0):
 def new generation   total 4928K, used 511K [0x04800000, 0x04d50000, 0x09d50000)
  eden space 4416K,   0% used [0x04800000, 0x04800000, 0x04c50000)
  from space 512K,  99% used [0x04cd0000, 0x04d4fff8, 0x04d50000)
  to   space 512K,   0% used [0x04c50000, 0x04c50000, 0x04cd0000)
 tenured generation   total 10944K, used 4053K [0x09d50000, 0x0a800000, 0x14800000)
   the space 10944K,  37% used [0x09d50000, 0x0a145430, 0x0a145600, 0x0a800000)
 Metaspace       used 2767K, capacity 4506K, committed 4608K, reserved 5504K
}
Event: 1.513 GC heap before
{Heap before GC invocations=7 (full 0):
 def new generation   total 4928K, used 4927K [0x04800000, 0x04d50000, 0x09d50000)
  eden space 4416K, 100% used [0x04800000, 0x04c50000, 0x04c50000)
  from space 512K,  99% used [0x04cd0000, 0x04d4fff8, 0x04d50000)
  to   space 512K,   0% used [0x04c50000, 0x04c50000, 0x04cd0000)
 tenured generation   total 10944K, used 4053K [0x09d50000, 0x0a800000, 0x14800000)
   the space 10944K,  37% used [0x09d50000, 0x0a145430, 0x0a145600, 0x0a800000)
 Metaspace       used 2777K, capacity 4506K, committed 4608K, reserved 5504K
Event: 1.517 GC heap after
Heap after GC invocations=8 (full 0):
 def new generation   total 4928K, used 512K [0x04800000, 0x04d50000, 0x09d50000)
  eden space 4416K,   0% used [0x04800000, 0x04800000, 0x04c50000)
  from space 512K, 100% used [0x04c50000, 0x04cd0000, 0x04cd0000)
  to   space 512K,   0% used [0x04cd0000, 0x04cd0000, 0x04d50000)
 tenured generation   total 10944K, used 5145K [0x09d50000, 0x0a800000, 0x14800000)
   the space 10944K,  47% used [0x09d50000, 0x0a256798, 0x0a256800, 0x0a800000)
 Metaspace       used 2777K, capacity 4506K, committed 4608K, reserved 5504K
}
Event: 1.524 GC heap before
{Heap before GC invocations=8 (full 0):
 def new generation   total 4928K, used 4928K [0x04800000, 0x04d50000, 0x09d50000)
  eden space 4416K, 100% used [0x04800000, 0x04c50000, 0x04c50000)
  from space 512K, 100% used [0x04c50000, 0x04cd0000, 0x04cd0000)
  to   space 512K,   0% used [0x04cd0000, 0x04cd0000, 0x04d50000)
 tenured generation   total 10944K, used 5145K [0x09d50000, 0x0a800000, 0x14800000)
   the space 10944K,  47% used [0x09d50000, 0x0a256798, 0x0a256800, 0x0a800000)
 Metaspace       used 2777K, capacity 4506K, committed 4608K, reserved 5504K
Event: 1.528 GC heap after
Heap after GC invocations=9 (full 0):
 def new generation   total 4928K, used 511K [0x04800000, 0x04d50000, 0x09d50000)
  eden space 4416K,   0% used [0x04800000, 0x04800000, 0x04c50000)
  from space 512K,  99% used [0x04cd0000, 0x04d4fff8, 0x04d50000)
  to   space 512K,   0% used [0x04c50000, 0x04c50000, 0x04cd0000)
 tenured generation   total 10944K, used 6445K [0x09d50000, 0x0a800000, 0x14800000)
   the space 10944K,  58% used [0x09d50000, 0x0a39b500, 0x0a39b600, 0x0a800000)
 Metaspace       used 2777K, capacity 4506K, committed 4608K, reserved 5504K
}
Event: 1.532 GC heap before
{Heap before GC invocations=9 (full 0):
 def new generation   total 4928K, used 4927K [0x04800000, 0x04d50000, 0x09d50000)
  eden space 4416K, 100% used [0x04800000, 0x04c50000, 0x04c50000)
  from space 512K,  99% used [0x04cd0000, 0x04d4fff8, 0x04d50000)
  to   space 512K,   0% used [0x04c50000, 0x04c50000, 0x04cd0000)
 tenured generation   total 10944K, used 6445K [0x09d50000, 0x0a800000, 0x14800000)
   the space 10944K,  58% used [0x09d50000, 0x0a39b500, 0x0a39b600, 0x0a800000)
 Metaspace       used 2777K, capacity 4506K, committed 4608K, reserved 5504K
Event: 1.537 GC heap after
Heap after GC invocations=10 (full 0):
 def new generation   total 4928K, used 511K [0x04800000, 0x04d50000, 0x09d50000)
  eden space 4416K,   0% used [0x04800000, 0x04800000, 0x04c50000)
  from space 512K,  99% used [0x04c50000, 0x04ccfff8, 0x04cd0000)
  to   space 512K,   0% used [0x04cd0000, 0x04cd0000, 0x04d50000)
 tenured generation   total 10944K, used 7837K [0x09d50000, 0x0a800000, 0x14800000)
   the space 10944K,  71% used [0x09d50000, 0x0a4f7658, 0x0a4f7800, 0x0a800000)
 Metaspace       used 2777K, capacity 4506K, committed 4608K, reserved 5504K
}
Event: 1.551 GC heap before
{Heap before GC invocations=10 (full 0):
 def new generation   total 4928K, used 4927K [0x04800000, 0x04d50000, 0x09d50000)
  eden space 4416K, 100% used [0x04800000, 0x04c50000, 0x04c50000)
  from space 512K,  99% used [0x04c50000, 0x04ccfff8, 0x04cd0000)
  to   space 512K,   0% used [0x04cd0000, 0x04cd0000, 0x04d50000)
 tenured generation   total 10944K, used 7837K [0x09d50000, 0x0a800000, 0x14800000)
   the space 10944K,  71% used [0x09d50000, 0x0a4f7658, 0x0a4f7800, 0x0a800000)
 Metaspace       used 2788K, capacity 4506K, committed 4608K, reserved 5504K
Event: 1.554 GC heap after
Heap after GC invocations=11 (full 0):
 def new generation   total 4928K, used 512K [0x04800000, 0x04d50000, 0x09d50000)
  eden space 4416K,   0% used [0x04800000, 0x04800000, 0x04c50000)
  from space 512K, 100% used [0x04cd0000, 0x04d50000, 0x04d50000)
  to   space 512K,   0% used [0x04c50000, 0x04c50000, 0x04cd0000)
 tenured generation   total 10944K, used 8902K [0x09d50000, 0x0a800000, 0x14800000)
   the space 10944K,  81% used [0x09d50000, 0x0a601b88, 0x0a601c00, 0x0a800000)
 Metaspace       used 2788K, capacity 4506K, committed 4608K, reserved 5504K
}

Deoptimization events (0 events):
No events

Internal exceptions (10 events):
Event: 0.049 Thread 0x0230e400 Exception <a 'java/lang/NoSuchMethodError': Method sun.misc.Unsafe.prefetchRead(Ljava/lang/Object;J)V name or signature does not match> (0x04807c60) thrown at [C:\re\workspace\8-2-build-windows-i586-cygwin\jdk8u111\7883\hotspot\src\share\vm\prims\jni.cpp,
Event: 0.458 Thread 0x0230e400 Exception <a 'java/lang/NoSuchMethodError': java.lang.Object.lambda$static$0(Ljava/lang/String;)Ljava/lang/Boolean;> (0x04839ea8) thrown at [C:\re\workspace\8-2-build-windows-i586-cygwin\jdk8u111\7883\hotspot\src\share\vm\interpreter\linkResolver.cpp, lin
Event: 0.523 Thread 0x0230e400 Exception <a 'java/lang/NoSuchFieldError': method resolution failed> (0x048ae5e0) thrown at [C:\re\workspace\8-2-build-windows-i586-cygwin\jdk8u111\7883\hotspot\src\share\vm\prims\methodHandles.cpp, line 1146]
Event: 0.564 Thread 0x0230e400 Exception <a 'java/lang/NoSuchFieldError': method resolution failed> (0x048bb0f0) thrown at [C:\re\workspace\8-2-build-windows-i586-cygwin\jdk8u111\7883\hotspot\src\share\vm\prims\methodHandles.cpp, line 1146]
Event: 0.656 Thread 0x0230e400 Exception <a 'java/security/PrivilegedActionException'> (0x04a8e0a8) thrown at [C:\re\workspace\8-2-build-windows-i586-cygwin\jdk8u111\7883\hotspot\src\share\vm\prims\jvm.cpp, line 1386]
Event: 0.656 Thread 0x0230e400 Exception <a 'java/security/PrivilegedActionException'> (0x04a8e2a8) thrown at [C:\re\workspace\8-2-build-windows-i586-cygwin\jdk8u111\7883\hotspot\src\share\vm\prims\jvm.cpp, line 1386]
Event: 0.656 Thread 0x0230e400 Exception <a 'java/security/PrivilegedActionException'> (0x04a92380) thrown at [C:\re\workspace\8-2-build-windows-i586-cygwin\jdk8u111\7883\hotspot\src\share\vm\prims\jvm.cpp, line 1386]
Event: 0.656 Thread 0x0230e400 Exception <a 'java/security/PrivilegedActionException'> (0x04a92580) thrown at [C:\re\workspace\8-2-build-windows-i586-cygwin\jdk8u111\7883\hotspot\src\share\vm\prims\jvm.cpp, line 1386]
Event: 0.983 Thread 0x0230e400 Exception <a 'sun/nio/fs/WindowsException'> (0x04aee268) thrown at [C:\re\workspace\8-2-build-windows-i586-cygwin\jdk8u111\7883\hotspot\src\share\vm\prims\jni.cpp, line 709]
Event: 0.983 Thread 0x0230e400 Exception <a 'sun/nio/fs/WindowsException'> (0x04aefbc0) thrown at [C:\re\workspace\8-2-build-windows-i586-cygwin\jdk8u111\7883\hotspot\src\share\vm\prims\jni.cpp, line 709]

Events (10 events):
Event: 1.564 loading class org/joml/Options
Event: 1.564 loading class org/joml/Options done
Event: 1.565 loading class CGA/User/DataStructures/Texture2D
Event: 1.565 loading class CGA/User/DataStructures/Texture2D done
Event: 1.566 loading class CGA/User/DataStructures/ITexture
Event: 1.566 loading class CGA/User/DataStructures/ITexture done
Event: 1.567 loading class org/lwjgl/stb/STBImage
Event: 1.567 loading class org/lwjgl/stb/STBImage done
Event: 1.569 loading class org/lwjgl/stb/LibSTB
Event: 1.569 loading class org/lwjgl/stb/LibSTB done


Dynamic libraries:
0x00b40000 - 0x00b73000 	C:\Program Files (x86)\Java\jdk1.8.0_111\bin\java.exe
0x77bc0000 - 0x77d50000 	C:\WINDOWS\SYSTEM32\ntdll.dll
0x76210000 - 0x762f0000 	C:\WINDOWS\System32\KERNEL32.DLL
0x77240000 - 0x77424000 	C:\WINDOWS\System32\KERNELBASE.dll
0x6dc70000 - 0x6dd0d000 	C:\WINDOWS\SYSTEM32\apphelp.dll
0x764f0000 - 0x76568000 	C:\WINDOWS\System32\ADVAPI32.dll
0x76880000 - 0x7693f000 	C:\WINDOWS\System32\msvcrt.dll
0x74780000 - 0x747c4000 	C:\WINDOWS\System32\sechost.dll
0x77450000 - 0x77510000 	C:\WINDOWS\System32\RPCRT4.dll
0x74480000 - 0x744a0000 	C:\WINDOWS\System32\SspiCli.dll
0x74470000 - 0x7447a000 	C:\WINDOWS\System32\CRYPTBASE.dll
0x75d70000 - 0x75dc8000 	C:\WINDOWS\System32\bcryptPrimitives.dll
0x76570000 - 0x766fd000 	C:\WINDOWS\System32\USER32.dll
0x74840000 - 0x74857000 	C:\WINDOWS\System32\win32u.dll
0x74730000 - 0x74752000 	C:\WINDOWS\System32\GDI32.dll
0x75c00000 - 0x75d64000 	C:\WINDOWS\System32\gdi32full.dll
0x74680000 - 0x746fd000 	C:\WINDOWS\System32\msvcp_win.dll
0x76700000 - 0x7681d000 	C:\WINDOWS\System32\ucrtbase.dll
0x71070000 - 0x71274000 	C:\WINDOWS\WinSxS\x86_microsoft.windows.common-controls_6595b64144ccf1df_6.0.17134.829_none_42f3dc1e44dde2db\COMCTL32.dll
0x76940000 - 0x76b9c000 	C:\WINDOWS\System32\combase.dll
0x74700000 - 0x74726000 	C:\WINDOWS\System32\IMM32.DLL
0x6bea0000 - 0x6bf5f000 	C:\Program Files (x86)\Java\jdk1.8.0_111\jre\bin\msvcr100.dll
0x679f0000 - 0x67dbd000 	C:\Program Files (x86)\Java\jdk1.8.0_111\jre\bin\client\jvm.dll
0x76e30000 - 0x76e36000 	C:\WINDOWS\System32\PSAPI.DLL
0x707c0000 - 0x707c8000 	C:\WINDOWS\SYSTEM32\WSOCK32.dll
0x71c70000 - 0x71c94000 	C:\WINDOWS\SYSTEM32\WINMM.dll
0x76e40000 - 0x76ea7000 	C:\WINDOWS\System32\WS2_32.dll
0x735b0000 - 0x735b8000 	C:\WINDOWS\SYSTEM32\VERSION.dll
0x71280000 - 0x712a3000 	C:\WINDOWS\SYSTEM32\WINMMBASE.dll
0x744a0000 - 0x744d9000 	C:\WINDOWS\System32\cfgmgr32.dll
0x6f960000 - 0x6f96c000 	C:\Program Files (x86)\Java\jdk1.8.0_111\jre\bin\verify.dll
0x6be70000 - 0x6be91000 	C:\Program Files (x86)\Java\jdk1.8.0_111\jre\bin\java.dll
0x6bc50000 - 0x6bc70000 	C:\Program Files (x86)\Java\jdk1.8.0_111\jre\bin\instrument.dll
0x6be50000 - 0x6be63000 	C:\Program Files (x86)\Java\jdk1.8.0_111\jre\bin\zip.dll
0x74860000 - 0x75baa000 	C:\WINDOWS\System32\SHELL32.dll
0x770d0000 - 0x77158000 	C:\WINDOWS\System32\shcore.dll
0x77510000 - 0x77aca000 	C:\WINDOWS\System32\windows.storage.dll
0x75bb0000 - 0x75bf5000 	C:\WINDOWS\System32\shlwapi.dll
0x76ba0000 - 0x76baf000 	C:\WINDOWS\System32\kernel.appcore.dll
0x74760000 - 0x74778000 	C:\WINDOWS\System32\profapi.dll
0x744e0000 - 0x74525000 	C:\WINDOWS\System32\powrprof.dll
0x76eb0000 - 0x76eb8000 	C:\WINDOWS\System32\FLTLIB.DLL
0x6bc30000 - 0x6bc46000 	C:\Program Files\JetBrains\IntelliJ IDEA 2018.1.2\bin\breakgen.dll
0x67840000 - 0x67856000 	C:\Program Files (x86)\Java\jdk1.8.0_111\jre\bin\net.dll
0x73620000 - 0x73676000 	C:\WINDOWS\system32\mswsock.dll
0x6f950000 - 0x6f95f000 	C:\Program Files (x86)\Java\jdk1.8.0_111\jre\bin\nio.dll
0x677f0000 - 0x6783e000 	C:\Users\furka\AppData\Local\Temp\lwjglfurka\3.1.2-build-29\lwjgl32.dll
0x677b0000 - 0x677e6000 	C:\Users\furka\AppData\Local\Temp\lwjglfurka\3.1.2-build-29\glfw32.dll
0x71350000 - 0x713cc000 	C:\WINDOWS\system32\uxtheme.dll
0x67770000 - 0x677a9000 	C:\WINDOWS\SYSTEM32\dinput8.dll
0x6bc20000 - 0x6bc2d000 	C:\WINDOWS\SYSTEM32\xinput1_4.dll
0x734e0000 - 0x73502000 	C:\WINDOWS\SYSTEM32\DEVOBJ.dll
0x67710000 - 0x6776a000 	C:\WINDOWS\SYSTEM32\inputhost.dll
0x6dfb0000 - 0x6e03b000 	C:\WINDOWS\SYSTEM32\CoreMessaging.dll
0x70060000 - 0x70136000 	C:\WINDOWS\SYSTEM32\wintypes.dll
0x6e290000 - 0x6e4ed000 	C:\WINDOWS\SYSTEM32\CoreUIComponents.dll
0x70ae0000 - 0x70b09000 	C:\WINDOWS\SYSTEM32\ntmarta.dll
0x71320000 - 0x71343000 	C:\WINDOWS\SYSTEM32\dwmapi.dll
0x74530000 - 0x74673000 	C:\WINDOWS\System32\MSCTF.dll
0x76bb0000 - 0x76c46000 	C:\WINDOWS\System32\OLEAUT32.dll
0x702b0000 - 0x702ba000 	C:\WINDOWS\SYSTEM32\HID.DLL
0x75dd0000 - 0x761fb000 	C:\WINDOWS\System32\SETUPAPI.DLL
0x76d50000 - 0x76d97000 	C:\WINDOWS\System32\WINTRUST.dll
0x74830000 - 0x7483e000 	C:\WINDOWS\System32\MSASN1.dll
0x76f30000 - 0x770c6000 	C:\WINDOWS\System32\CRYPT32.dll
0x676e0000 - 0x6770e000 	C:\Users\furka\AppData\Local\Temp\lwjglfurka\3.1.2-build-29\jemalloc32.dll
0x67600000 - 0x676d9000 	C:\WINDOWS\SYSTEM32\opengl32.dll
0x675c0000 - 0x675ff000 	C:\WINDOWS\SYSTEM32\GLU32.dll
0x5ebd0000 - 0x5f5fa000 	C:\WINDOWS\System32\DriverStore\FileRepository\igdlh64.inf_amd64_463164d40c3d26ce\ig9icd32.dll
0x735f0000 - 0x735ff000 	C:\WINDOWS\SYSTEM32\WTSAPI32.dll
0x61080000 - 0x61f5c000 	C:\WINDOWS\System32\DriverStore\FileRepository\igdlh64.inf_amd64_463164d40c3d26ce\igc32.dll
0x6e4f0000 - 0x6e56d000 	C:\WINDOWS\System32\TextInputFramework.dll
0x67560000 - 0x675b9000 	C:\Users\furka\AppData\Local\Temp\lwjglfurka\3.1.2-build-29\lwjgl_opengl32.dll
0x5e810000 - 0x5ebc2000 	C:\Users\furka\AppData\Local\Temp\lwjglfurka\3.1.2-build-29\assimp32.dll
0x674d0000 - 0x67539000 	C:\Users\furka\AppData\Local\Temp\lwjglfurka\3.1.2-build-29\lwjgl_stb32.dll
0x736b0000 - 0x73832000 	C:\WINDOWS\SYSTEM32\dbghelp.dll

VM Arguments:
jvm_args: -javaagent:C:\Program Files\JetBrains\IntelliJ IDEA 2018.1.2\lib\idea_rt.jar=56002:C:\Program Files\JetBrains\IntelliJ IDEA 2018.1.2\bin -Dfile.encoding=UTF-8 
java_command: CGA.User.main
java_class_path (initial): C:\Program Files (x86)\Java\jdk1.8.0_111\jre\lib\charsets.jar;C:\Program Files (x86)\Java\jdk1.8.0_111\jre\lib\deploy.jar;C:\Program Files (x86)\Java\jdk1.8.0_111\jre\lib\ext\access-bridge-32.jar;C:\Program Files (x86)\Java\jdk1.8.0_111\jre\lib\ext\cldrdata.jar;C:\Program Files (x86)\Java\jdk1.8.0_111\jre\lib\ext\dnsns.jar;C:\Program Files (x86)\Java\jdk1.8.0_111\jre\lib\ext\jaccess.jar;C:\Program Files (x86)\Java\jdk1.8.0_111\jre\lib\ext\jfxrt.jar;C:\Program Files (x86)\Java\jdk1.8.0_111\jre\lib\ext\localedata.jar;C:\Program Files (x86)\Java\jdk1.8.0_111\jre\lib\ext\nashorn.jar;C:\Program Files (x86)\Java\jdk1.8.0_111\jre\lib\ext\sunec.jar;C:\Program Files (x86)\Java\jdk1.8.0_111\jre\lib\ext\sunjce_provider.jar;C:\Program Files (x86)\Java\jdk1.8.0_111\jre\lib\ext\sunmscapi.jar;C:\Program Files (x86)\Java\jdk1.8.0_111\jre\lib\ext\sunpkcs11.jar;C:\Program Files (x86)\Java\jdk1.8.0_111\jre\lib\ext\zipfs.jar;C:\Program Files (x86)\Java\jdk1.8.0_111\jre\lib\javaws.jar;C:\Program Files (x86)\Java\jdk1.8.0_111\jre\lib\jce.jar;C:\Program Files (x86)\Java\jdk1.8.0_111\jre\lib\jfr.jar;C:\Program Files (x86)\Java\jdk1.8.0_111\jre\lib\jfxswt.jar;C:\Program Files (x86)\Java\jdk1.8.0_111\jre\lib\jsse.jar;C:\Program Files (x86)\Java\jdk1.8.0_111\jre\lib\management-agent.jar;C:\Program Files (x86)\Java\jdk1.8.0_111\jre\lib\plugin.jar;C:\Program Files (x86)\Java\jdk1.8.0_111\jre\lib\resources.jar;C:\Program Files (x86)\Java\jdk1.8.0_111\jre\lib\rt.jar;C:\Users\furka\Desktop\CGA19_Framework\out\production\CGA19_Framework;C:\Users\furka\Desktop\CGA19_Framework\libs\lwjgl-release-3.1.2-custom\lwjgl-openal-sources.jar;C:\Users\furka\Desktop\CGA19_Framework\libs\lwjgl-release-3.1.2-custom\lwjgl-jawt-javadoc.jar;C:\Users\furka\Desktop\CGA19_Framework\libs\lwjgl-release-3.1.2-custom\lwjgl-openvr-natives-linux.jar;C:\Users\furka\Desktop\CGA19_Framework\libs\lwjgl-release-3.1.2-custom\lwjgl-glfw-natives-linux.jar;C:\Users\furka\Desktop\CGA19_Framework\libs\lwjgl
Launcher Type: SUN_STANDARD

Environment Variables:
PATH=C:\Program Files (x86)\Common Files\Intel\Shared Libraries\redist\intel64\compiler;C:\Program Files (x86)\Common Files\Oracle\Java\javapath;C:\ProgramData\Oracle\Java\javapath;C:\Program Files (x86)\Intel\iCLS Client\;C:\Program Files\Intel\iCLS Client\;C:\Windows\system32;C:\Windows;C:\Windows\System32\Wbem;C:\Windows\System32\WindowsPowerShell\v1.0\;C:\Program Files (x86)\Intel\Intel(R) Management Engine Components\DAL;C:\Program Files\Intel\Intel(R) Management Engine Components\DAL;C:\Program Files (x86)\Intel\Intel(R) Management Engine Components\IPT;C:\Program Files\Intel\Intel(R) Management Engine Components\IPT;C:\Program Files (x86)\NVIDIA Corporation\PhysX\Common;C:\WINDOWS\system32;C:\WINDOWS;C:\WINDOWS\System32\Wbem;C:\WINDOWS\System32\WindowsPowerShell\v1.0\;C:\Program Files (x86)\Skype\Phone\;C:\Program Files\Intel\WiFi\bin\;C:\Program Files\Common Files\Intel\WirelessCommon\;C:\Program Files\PuTTY\;C:\WINDOWS\System32\OpenSSH\;C:\Users\furka\AppData\Local\Microsoft\WindowsApps;C:\Users\furka\AppData\Local\atom\bin;C:\Users\furka\AppData\Local\GitHubDesktop\bin;C:\Users\furka\AppData\Local\Microsoft\WindowsApps;
USERNAME=furka
OS=Windows_NT
PROCESSOR_IDENTIFIER=Intel64 Family 6 Model 78 Stepping 3, GenuineIntel



---------------  S Y S T E M  ---------------

OS: Windows 10.0 , 64 bit Build 17134 (10.0.17134.753)

CPU:total 4 (2 cores per cpu, 2 threads per core) family 6 model 78 stepping 3, cmov, cx8, fxsr, mmx, sse, sse2, sse3, ssse3, sse4.1, sse4.2, popcnt, avx, avx2, aes, clmul, erms, 3dnowpref, lzcnt, ht, tsc, tscinvbit, bmi1, bmi2, adx

Memory: 4k page, physical 8285048k(3734892k free), swap 9595768k(4745228k free)

vm_info: Java HotSpot(TM) Client VM (25.111-b14) for windows-x86 JRE (1.8.0_111-b14), built on Sep 22 2016 18:54:33 by "java_re" with MS VC++ 10.0 (VS2010)

time: Wed Jun 19 13:14:35 2019
elapsed time: 3 seconds (0d 0h 0m 3s)

