#
# A fatal error has been detected by the Java Runtime Environment:
#
#  EXCEPTION_ACCESS_VIOLATION (0xc0000005) at pc=0x5f34dac5, pid=9520, tid=0x00001208
#
# JRE version: Java(TM) SE Runtime Environment (8.0_111-b14) (build 1.8.0_111-b14)
# Java VM: Java HotSpot(TM) Client VM (25.111-b14 mixed mode, sharing windows-x86 )
# Problematic frame:
# C  [lwjgl32.dll+0xdac5]
#
# Failed to write core dump. Minidumps are not enabled by default on client versions of Windows
#
# If you would like to submit a bug report, please visit:
#   http://bugreport.java.com/bugreport/crash.jsp
# The crash happened outside the Java Virtual Machine in native code.
# See problematic frame for where to report the bug.
#

---------------  T H R E A D  ---------------

Current thread (0x005fe400):  JavaThread "main" [_thread_in_native, id=4616, stack(0x00e30000,0x00e80000)]

siginfo: ExceptionCode=0xc0000005, reading address 0x00000000

Registers:
EAX=0x000000a5, EBX=0x14b3eb48, ECX=0x5f352aad, EDX=0x5f38a390
ESP=0x00e7f3d0, EBP=0x00e7f428, ESI=0x14b3eb48, EDI=0x005fe400
EIP=0x5f34dac5, EFLAGS=0x00010206

Top of Stack: (sp=0x00e7f3d0)
0x00e7f3d0:   5f38a390 5f371990 5f1ffd83 42b40000
0x00e7f3e0:   00000000 00000000 00000000 026dd3d3
0x00e7f3f0:   005fe540 00e7f430 42b40000 00000000
0x00e7f400:   00000000 00000000 00e7f408 14b3eb48
0x00e7f410:   00e7f444 14b4b458 00000000 14b3eb48
0x00e7f420:   00000000 00e7f438 00e7f468 026d4854
0x00e7f430:   09edd918 026d9d09 00000000 00000000
0x00e7f440:   00000000 42b40000 00e7f448 14af49a1 

Instructions: (pc=0x5f34dac5)
0x5f34daa5:   10 00 cc cc cc cc cc cc cc cc cc 68 90 19 37 5f
0x5f34dab5:   6a 02 e8 db 4b 00 00 83 c4 04 50 e8 4b 35 ff ff
0x5f34dac5:   a1 00 00 00 00 83 c4 08 c3 cc cc 8b 44 24 04 8b
0x5f34dad5:   00 99 c2 08 00 cc cc cc cc cc cc 8b 44 24 04 8b 


Register to memory mapping:

EAX=0x000000a5 is an unknown value
EBX={method} {0x14b3eb4c} 'glRotatef' '(FFFF)V' in 'org/lwjgl/opengl/GL11'
ECX=0x5f352aad is an unknown value
EDX=0x5f38a390 is an unknown value
ESP=0x00e7f3d0 is pointing into the stack for thread: 0x005fe400
EBP=0x00e7f428 is pointing into the stack for thread: 0x005fe400
ESI={method} {0x14b3eb4c} 'glRotatef' '(FFFF)V' in 'org/lwjgl/opengl/GL11'
EDI=0x005fe400 is a thread


Stack: [0x00e30000,0x00e80000],  sp=0x00e7f3d0,  free space=316k
Native frames: (J=compiled Java code, j=interpreted, Vv=VM code, C=native code)
C  [lwjgl32.dll+0xdac5]
j  CGA.User.Game.Scene.update(FF)V+17
j  CGA.User.Game.Game.update(FF)V+6
j  CGA.Framework.GameWindow.run()V+127
j  CGA.User.main.main([Ljava/lang/String;)V+21
v  ~StubRoutines::call_stub
V  [jvm.dll+0x15a895]
V  [jvm.dll+0x220bfe]
V  [jvm.dll+0x15a92e]
V  [jvm.dll+0xdc597]
V  [jvm.dll+0xe4b2f]
C  [java.exe+0x229e]
C  [java.exe+0xaeaf]
C  [java.exe+0xaf39]
C  [KERNEL32.DLL+0x18494]
C  [ntdll.dll+0x641c8]
C  [ntdll.dll+0x64198]
C  0x00000000

Java frames: (J=compiled Java code, j=interpreted, Vv=VM code)
j  org.lwjgl.opengl.GL11.glRotatef(FFFF)V+0
j  CGA.User.Game.Scene.update(FF)V+17
j  CGA.User.Game.Game.update(FF)V+6
j  CGA.Framework.GameWindow.run()V+127
j  CGA.User.main.main([Ljava/lang/String;)V+21
v  ~StubRoutines::call_stub

---------------  P R O C E S S  ---------------

Java Threads: ( => current thread )
  0x15847400 JavaThread "Service Thread" daemon [_thread_blocked, id=14892, stack(0x15c10000,0x15c60000)]
  0x1509d000 JavaThread "C1 CompilerThread0" daemon [_thread_blocked, id=11132, stack(0x15170000,0x151c0000)]
  0x1509c800 JavaThread "Monitor Ctrl-Break" daemon [_thread_in_native, id=1472, stack(0x150e0000,0x15130000)]
  0x00f1a400 JavaThread "Attach Listener" daemon [_thread_blocked, id=17432, stack(0x14e50000,0x14ea0000)]
  0x00f18800 JavaThread "Signal Dispatcher" daemon [_thread_blocked, id=17828, stack(0x14dc0000,0x14e10000)]
  0x00f0b000 JavaThread "Finalizer" daemon [_thread_blocked, id=8108, stack(0x047a0000,0x047f0000)]
  0x00eae800 JavaThread "Reference Handler" daemon [_thread_blocked, id=12104, stack(0x04710000,0x04760000)]
=>0x005fe400 JavaThread "main" [_thread_in_native, id=4616, stack(0x00e30000,0x00e80000)]

Other Threads:
  0x00eaac00 VMThread [stack: 0x02670000,0x026c0000] [id=16200]
  0x158aac00 WatcherThread [stack: 0x15ca0000,0x15cf0000] [id=16688]

VM state:not at safepoint (normal execution)

VM Mutex/Monitor currently owned by a thread: None

Heap:
 def new generation   total 4928K, used 1906K [0x04800000, 0x04d50000, 0x09d50000)
  eden space 4416K,  37% used [0x04800000, 0x049a3618, 0x04c50000)
  from space 512K,  44% used [0x04c50000, 0x04c89220, 0x04cd0000)
  to   space 512K,   0% used [0x04cd0000, 0x04cd0000, 0x04d50000)
 tenured generation   total 10944K, used 2297K [0x09d50000, 0x0a800000, 0x14800000)
   the space 10944K,  20% used [0x09d50000, 0x09f8e7b8, 0x09f8e800, 0x0a800000)
 Metaspace       used 2628K, capacity 4346K, committed 4416K, reserved 4480K

Card table byte_map: [0x00700000,0x00790000] byte_map_base: 0x006dc000

Polling page: 0x005e0000

CodeCache: size=32768Kb used=1416Kb max_used=1416Kb free=31351Kb
 bounds [0x026d0000, 0x02838000, 0x046d0000]
 total_blobs=994 nmethods=514 adapters=411
 compilation: enabled

Compilation events (10 events):
Event: 1.032 Thread 0x1509d000  511             java.util.ArrayList$Itr::next (66 bytes)
Event: 1.033 Thread 0x1509d000 nmethod 511 0x02830808 code [0x02830940, 0x02830b14]
Event: 1.033 Thread 0x1509d000  512             java.lang.Integer::intValue (5 bytes)
Event: 1.033 Thread 0x1509d000 nmethod 512 0x02830d08 code [0x02830e00, 0x02830e80]
Event: 1.657 Thread 0x1509d000  513             org.lwjgl.system.Checks::check (16 bytes)
Event: 1.657 Thread 0x1509d000 nmethod 513 0x02830ec8 code [0x02830fd0, 0x028310cc]
Event: 3.535 Thread 0x1509d000  516             CGA.Framework.GameWindow::getKeyState (18 bytes)
Event: 3.535 Thread 0x1509d000 nmethod 516 0x02831688 code [0x02831790, 0x028318e8]
Event: 3.535 Thread 0x1509d000  517             org.lwjgl.glfw.GLFW::glfwGetKey (22 bytes)
Event: 3.535 Thread 0x1509d000 nmethod 517 0x02831a08 code [0x02831b10, 0x02831c48]

GC Heap History (10 events):
Event: 0.985 GC heap before
{Heap before GC invocations=9 (full 0):
 def new generation   total 4928K, used 4580K [0x04800000, 0x04d50000, 0x09d50000)
  eden space 4416K, 100% used [0x04800000, 0x04c50000, 0x04c50000)
  from space 512K,  32% used [0x04cd0000, 0x04cf9038, 0x04d50000)
  to   space 512K,   0% used [0x04c50000, 0x04c50000, 0x04cd0000)
 tenured generation   total 10944K, used 2178K [0x09d50000, 0x0a800000, 0x14800000)
   the space 10944K,  19% used [0x09d50000, 0x09f70a08, 0x09f70c00, 0x0a800000)
 Metaspace       used 2622K, capacity 4346K, committed 4416K, reserved 4480K
Event: 0.986 GC heap after
Heap after GC invocations=10 (full 0):
 def new generation   total 4928K, used 176K [0x04800000, 0x04d50000, 0x09d50000)
  eden space 4416K,   0% used [0x04800000, 0x04800000, 0x04c50000)
  from space 512K,  34% used [0x04c50000, 0x04c7c320, 0x04cd0000)
  to   space 512K,   0% used [0x04cd0000, 0x04cd0000, 0x04d50000)
 tenured generation   total 10944K, used 2178K [0x09d50000, 0x0a800000, 0x14800000)
   the space 10944K,  19% used [0x09d50000, 0x09f70a08, 0x09f70c00, 0x0a800000)
 Metaspace       used 2622K, capacity 4346K, committed 4416K, reserved 4480K
}
Event: 0.992 GC heap before
{Heap before GC invocations=10 (full 0):
 def new generation   total 4928K, used 4592K [0x04800000, 0x04d50000, 0x09d50000)
  eden space 4416K, 100% used [0x04800000, 0x04c50000, 0x04c50000)
  from space 512K,  34% used [0x04c50000, 0x04c7c320, 0x04cd0000)
  to   space 512K,   0% used [0x04cd0000, 0x04cd0000, 0x04d50000)
 tenured generation   total 10944K, used 2178K [0x09d50000, 0x0a800000, 0x14800000)
   the space 10944K,  19% used [0x09d50000, 0x09f70a08, 0x09f70c00, 0x0a800000)
 Metaspace       used 2622K, capacity 4346K, committed 4416K, reserved 4480K
Event: 0.993 GC heap after
Heap after GC invocations=11 (full 0):
 def new generation   total 4928K, used 192K [0x04800000, 0x04d50000, 0x09d50000)
  eden space 4416K,   0% used [0x04800000, 0x04800000, 0x04c50000)
  from space 512K,  37% used [0x04cd0000, 0x04d00008, 0x04d50000)
  to   space 512K,   0% used [0x04c50000, 0x04c50000, 0x04cd0000)
 tenured generation   total 10944K, used 2178K [0x09d50000, 0x0a800000, 0x14800000)
   the space 10944K,  19% used [0x09d50000, 0x09f70a08, 0x09f70c00, 0x0a800000)
 Metaspace       used 2622K, capacity 4346K, committed 4416K, reserved 4480K
}
Event: 0.998 GC heap before
{Heap before GC invocations=11 (full 0):
 def new generation   total 4928K, used 4608K [0x04800000, 0x04d50000, 0x09d50000)
  eden space 4416K, 100% used [0x04800000, 0x04c50000, 0x04c50000)
  from space 512K,  37% used [0x04cd0000, 0x04d00008, 0x04d50000)
  to   space 512K,   0% used [0x04c50000, 0x04c50000, 0x04cd0000)
 tenured generation   total 10944K, used 2178K [0x09d50000, 0x0a800000, 0x14800000)
   the space 10944K,  19% used [0x09d50000, 0x09f70a08, 0x09f70c00, 0x0a800000)
 Metaspace       used 2622K, capacity 4346K, committed 4416K, reserved 4480K
Event: 0.999 GC heap after
Heap after GC invocations=12 (full 0):
 def new generation   total 4928K, used 204K [0x04800000, 0x04d50000, 0x09d50000)
  eden space 4416K,   0% used [0x04800000, 0x04800000, 0x04c50000)
  from space 512K,  40% used [0x04c50000, 0x04c83380, 0x04cd0000)
  to   space 512K,   0% used [0x04cd0000, 0x04cd0000, 0x04d50000)
 tenured generation   total 10944K, used 2178K [0x09d50000, 0x0a800000, 0x14800000)
   the space 10944K,  19% used [0x09d50000, 0x09f70a08, 0x09f70c00, 0x0a800000)
 Metaspace       used 2622K, capacity 4346K, committed 4416K, reserved 4480K
}
Event: 1.015 GC heap before
{Heap before GC invocations=12 (full 0):
 def new generation   total 4928K, used 4620K [0x04800000, 0x04d50000, 0x09d50000)
  eden space 4416K, 100% used [0x04800000, 0x04c50000, 0x04c50000)
  from space 512K,  40% used [0x04c50000, 0x04c83380, 0x04cd0000)
  to   space 512K,   0% used [0x04cd0000, 0x04cd0000, 0x04d50000)
 tenured generation   total 10944K, used 2178K [0x09d50000, 0x0a800000, 0x14800000)
   the space 10944K,  19% used [0x09d50000, 0x09f70a08, 0x09f70c00, 0x0a800000)
 Metaspace       used 2626K, capacity 4346K, committed 4416K, reserved 4480K
Event: 1.017 GC heap after
Heap after GC invocations=13 (full 0):
 def new generation   total 4928K, used 301K [0x04800000, 0x04d50000, 0x09d50000)
  eden space 4416K,   0% used [0x04800000, 0x04800000, 0x04c50000)
  from space 512K,  58% used [0x04cd0000, 0x04d1b590, 0x04d50000)
  to   space 512K,   0% used [0x04c50000, 0x04c50000, 0x04cd0000)
 tenured generation   total 10944K, used 2178K [0x09d50000, 0x0a800000, 0x14800000)
   the space 10944K,  19% used [0x09d50000, 0x09f70a08, 0x09f70c00, 0x0a800000)
 Metaspace       used 2626K, capacity 4346K, committed 4416K, reserved 4480K
}
Event: 1.026 GC heap before
{Heap before GC invocations=13 (full 0):
 def new generation   total 4928K, used 4717K [0x04800000, 0x04d50000, 0x09d50000)
  eden space 4416K, 100% used [0x04800000, 0x04c50000, 0x04c50000)
  from space 512K,  58% used [0x04cd0000, 0x04d1b590, 0x04d50000)
  to   space 512K,   0% used [0x04c50000, 0x04c50000, 0x04cd0000)
 tenured generation   total 10944K, used 2178K [0x09d50000, 0x0a800000, 0x14800000)
   the space 10944K,  19% used [0x09d50000, 0x09f70a08, 0x09f70c00, 0x0a800000)
 Metaspace       used 2627K, capacity 4346K, committed 4416K, reserved 4480K
Event: 1.028 GC heap after
Heap after GC invocations=14 (full 0):
 def new generation   total 4928K, used 228K [0x04800000, 0x04d50000, 0x09d50000)
  eden space 4416K,   0% used [0x04800000, 0x04800000, 0x04c50000)
  from space 512K,  44% used [0x04c50000, 0x04c89220, 0x04cd0000)
  to   space 512K,   0% used [0x04cd0000, 0x04cd0000, 0x04d50000)
 tenured generation   total 10944K, used 2297K [0x09d50000, 0x0a800000, 0x14800000)
   the space 10944K,  20% used [0x09d50000, 0x09f8e7b8, 0x09f8e800, 0x0a800000)
 Metaspace       used 2627K, capacity 4346K, committed 4416K, reserved 4480K
}

Deoptimization events (0 events):
No events

Internal exceptions (10 events):
Event: 0.028 Thread 0x005fe400 Exception <a 'java/lang/NoSuchMethodError': Method sun.misc.Unsafe.prefetchRead(Ljava/lang/Object;J)V name or signature does not match> (0x04807c60) thrown at [C:\re\workspace\8-2-build-windows-i586-cygwin\jdk8u111\7883\hotspot\src\share\vm\prims\jni.cpp,
Event: 0.229 Thread 0x005fe400 Exception <a 'java/lang/NoSuchMethodError': java.lang.Object.lambda$static$0(Ljava/lang/String;)Ljava/lang/Boolean;> (0x04839ea8) thrown at [C:\re\workspace\8-2-build-windows-i586-cygwin\jdk8u111\7883\hotspot\src\share\vm\interpreter\linkResolver.cpp, lin
Event: 0.245 Thread 0x005fe400 Exception <a 'java/lang/NoSuchFieldError': method resolution failed> (0x048ae568) thrown at [C:\re\workspace\8-2-build-windows-i586-cygwin\jdk8u111\7883\hotspot\src\share\vm\prims\methodHandles.cpp, line 1146]
Event: 0.247 Thread 0x005fe400 Exception <a 'java/lang/NoSuchFieldError': method resolution failed> (0x048bb070) thrown at [C:\re\workspace\8-2-build-windows-i586-cygwin\jdk8u111\7883\hotspot\src\share\vm\prims\methodHandles.cpp, line 1146]
Event: 0.289 Thread 0x005fe400 Exception <a 'java/security/PrivilegedActionException'> (0x04a8dfb8) thrown at [C:\re\workspace\8-2-build-windows-i586-cygwin\jdk8u111\7883\hotspot\src\share\vm\prims\jvm.cpp, line 1386]
Event: 0.289 Thread 0x005fe400 Exception <a 'java/security/PrivilegedActionException'> (0x04a8e1b8) thrown at [C:\re\workspace\8-2-build-windows-i586-cygwin\jdk8u111\7883\hotspot\src\share\vm\prims\jvm.cpp, line 1386]
Event: 0.289 Thread 0x005fe400 Exception <a 'java/security/PrivilegedActionException'> (0x04a92290) thrown at [C:\re\workspace\8-2-build-windows-i586-cygwin\jdk8u111\7883\hotspot\src\share\vm\prims\jvm.cpp, line 1386]
Event: 0.289 Thread 0x005fe400 Exception <a 'java/security/PrivilegedActionException'> (0x04a92490) thrown at [C:\re\workspace\8-2-build-windows-i586-cygwin\jdk8u111\7883\hotspot\src\share\vm\prims\jvm.cpp, line 1386]
Event: 0.608 Thread 0x005fe400 Exception <a 'sun/nio/fs/WindowsException'> (0x04adfa10) thrown at [C:\re\workspace\8-2-build-windows-i586-cygwin\jdk8u111\7883\hotspot\src\share\vm\prims\jni.cpp, line 709]
Event: 0.609 Thread 0x005fe400 Exception <a 'sun/nio/fs/WindowsException'> (0x04ae1368) thrown at [C:\re\workspace\8-2-build-windows-i586-cygwin\jdk8u111\7883\hotspot\src\share\vm\prims\jni.cpp, line 709]

Events (10 events):
Event: 1.002 loading class CGA/Framework/OBJLoader$VertexDef
Event: 1.002 loading class CGA/Framework/OBJLoader$VertexDef done
Event: 1.015 Executing VM operation: GenCollectForAllocation
Event: 1.017 Executing VM operation: GenCollectForAllocation done
Event: 1.026 Executing VM operation: GenCollectForAllocation
Event: 1.028 Executing VM operation: GenCollectForAllocation done
Event: 1.030 loading class CGA/Framework/OBJLoader$Vertex
Event: 1.030 loading class CGA/Framework/OBJLoader$Vertex done
Event: 4.217 Executing VM operation: EnableBiasedLocking
Event: 4.217 Executing VM operation: EnableBiasedLocking done


Dynamic libraries:
0x01080000 - 0x010b3000 	C:\Program Files (x86)\Java\jdk1.8.0_111\bin\java.exe
0x77940000 - 0x77ad0000 	C:\WINDOWS\SYSTEM32\ntdll.dll
0x74530000 - 0x74610000 	C:\WINDOWS\System32\KERNEL32.DLL
0x76f10000 - 0x770f4000 	C:\WINDOWS\System32\KERNELBASE.dll
0x5ef10000 - 0x5efad000 	C:\WINDOWS\SYSTEM32\apphelp.dll
0x744b0000 - 0x74528000 	C:\WINDOWS\System32\ADVAPI32.dll
0x758d0000 - 0x7598f000 	C:\WINDOWS\System32\msvcrt.dll
0x77800000 - 0x77844000 	C:\WINDOWS\System32\sechost.dll
0x77410000 - 0x774d0000 	C:\WINDOWS\System32\RPCRT4.dll
0x74200000 - 0x74220000 	C:\WINDOWS\System32\SspiCli.dll
0x741f0000 - 0x741fa000 	C:\WINDOWS\System32\CRYPTBASE.dll
0x74940000 - 0x74998000 	C:\WINDOWS\System32\bcryptPrimitives.dll
0x74320000 - 0x744ad000 	C:\WINDOWS\System32\USER32.dll
0x76d00000 - 0x76d17000 	C:\WINDOWS\System32\win32u.dll
0x74c10000 - 0x74c32000 	C:\WINDOWS\System32\GDI32.dll
0x76d40000 - 0x76ea4000 	C:\WINDOWS\System32\gdi32full.dll
0x77390000 - 0x7740d000 	C:\WINDOWS\System32\msvcp_win.dll
0x74af0000 - 0x74c0d000 	C:\WINDOWS\System32\ucrtbase.dll
0x72140000 - 0x72344000 	C:\WINDOWS\WinSxS\x86_microsoft.windows.common-controls_6595b64144ccf1df_6.0.17134.765_none_42efd88044e1819c\COMCTL32.dll
0x77100000 - 0x7735c000 	C:\WINDOWS\System32\combase.dll
0x77360000 - 0x77386000 	C:\WINDOWS\System32\IMM32.DLL
0x62d50000 - 0x62e0f000 	C:\Program Files (x86)\Java\jdk1.8.0_111\jre\bin\msvcr100.dll
0x58c70000 - 0x5903d000 	C:\Program Files (x86)\Java\jdk1.8.0_111\jre\bin\client\jvm.dll
0x74cb0000 - 0x74cb6000 	C:\WINDOWS\System32\PSAPI.DLL
0x5c870000 - 0x5c878000 	C:\WINDOWS\SYSTEM32\WSOCK32.dll
0x71580000 - 0x715a4000 	C:\WINDOWS\SYSTEM32\WINMM.dll
0x74c40000 - 0x74ca7000 	C:\WINDOWS\System32\WS2_32.dll
0x73290000 - 0x73298000 	C:\WINDOWS\SYSTEM32\VERSION.dll
0x71550000 - 0x71573000 	C:\WINDOWS\SYSTEM32\WINMMBASE.dll
0x74cc0000 - 0x74cf9000 	C:\WINDOWS\System32\cfgmgr32.dll
0x62d40000 - 0x62d4c000 	C:\Program Files (x86)\Java\jdk1.8.0_111\jre\bin\verify.dll
0x62d10000 - 0x62d31000 	C:\Program Files (x86)\Java\jdk1.8.0_111\jre\bin\java.dll
0x5f8a0000 - 0x5f8c0000 	C:\Program Files (x86)\Java\jdk1.8.0_111\jre\bin\instrument.dll
0x62cf0000 - 0x62d03000 	C:\Program Files (x86)\Java\jdk1.8.0_111\jre\bin\zip.dll
0x75990000 - 0x76cda000 	C:\WINDOWS\System32\SHELL32.dll
0x74710000 - 0x74798000 	C:\WINDOWS\System32\shcore.dll
0x75310000 - 0x758ca000 	C:\WINDOWS\System32\windows.storage.dll
0x749a0000 - 0x749e5000 	C:\WINDOWS\System32\shlwapi.dll
0x76d30000 - 0x76d3f000 	C:\WINDOWS\System32\kernel.appcore.dll
0x774d0000 - 0x774e8000 	C:\WINDOWS\System32\profapi.dll
0x774f0000 - 0x77535000 	C:\WINDOWS\System32\powrprof.dll
0x76d20000 - 0x76d28000 	C:\WINDOWS\System32\FLTLIB.DLL
0x5f430000 - 0x5f446000 	C:\Program Files\JetBrains\IntelliJ IDEA 2018.1.2\bin\breakgen.dll
0x5f410000 - 0x5f426000 	C:\Program Files (x86)\Java\jdk1.8.0_111\jre\bin\net.dll
0x73340000 - 0x73396000 	C:\WINDOWS\system32\mswsock.dll
0x62ce0000 - 0x62cef000 	C:\Program Files (x86)\Java\jdk1.8.0_111\jre\bin\nio.dll
0x5f340000 - 0x5f38e000 	C:\Users\furka\AppData\Local\Temp\lwjglfurka\3.1.2-build-29\lwjgl32.dll
0x5f300000 - 0x5f336000 	C:\Users\furka\AppData\Local\Temp\lwjglfurka\3.1.2-build-29\glfw32.dll
0x71cb0000 - 0x71d2c000 	C:\WINDOWS\system32\uxtheme.dll
0x5f2c0000 - 0x5f2f9000 	C:\WINDOWS\SYSTEM32\dinput8.dll
0x5f890000 - 0x5f89d000 	C:\WINDOWS\SYSTEM32\xinput1_4.dll
0x73200000 - 0x73222000 	C:\WINDOWS\SYSTEM32\DEVOBJ.dll
0x601c0000 - 0x6021a000 	C:\WINDOWS\SYSTEM32\inputhost.dll
0x6fc50000 - 0x6fcdb000 	C:\WINDOWS\SYSTEM32\CoreMessaging.dll
0x717a0000 - 0x71876000 	C:\WINDOWS\SYSTEM32\wintypes.dll
0x6fce0000 - 0x6ff3d000 	C:\WINDOWS\SYSTEM32\CoreUIComponents.dll
0x71db0000 - 0x71dd9000 	C:\WINDOWS\SYSTEM32\ntmarta.dll
0x71720000 - 0x71743000 	C:\WINDOWS\SYSTEM32\dwmapi.dll
0x74d00000 - 0x74e43000 	C:\WINDOWS\System32\MSCTF.dll
0x749f0000 - 0x74a86000 	C:\WINDOWS\System32\OLEAUT32.dll
0x71750000 - 0x7175a000 	C:\WINDOWS\SYSTEM32\HID.DLL
0x74e50000 - 0x7527b000 	C:\WINDOWS\System32\SETUPAPI.DLL
0x74aa0000 - 0x74ae7000 	C:\WINDOWS\System32\WINTRUST.dll
0x74700000 - 0x7470e000 	C:\WINDOWS\System32\MSASN1.dll
0x747a0000 - 0x74936000 	C:\WINDOWS\System32\CRYPT32.dll
0x5f290000 - 0x5f2be000 	C:\Users\furka\AppData\Local\Temp\lwjglfurka\3.1.2-build-29\jemalloc32.dll
0x58b90000 - 0x58c69000 	C:\WINDOWS\SYSTEM32\opengl32.dll
0x5f250000 - 0x5f28f000 	C:\WINDOWS\SYSTEM32\GLU32.dll
0x510e0000 - 0x51b0a000 	C:\WINDOWS\System32\DriverStore\FileRepository\igdlh64.inf_amd64_463164d40c3d26ce\ig9icd32.dll
0x732e0000 - 0x732ef000 	C:\WINDOWS\SYSTEM32\WTSAPI32.dll
0x5a5c0000 - 0x5b49c000 	C:\WINDOWS\System32\DriverStore\FileRepository\igdlh64.inf_amd64_463164d40c3d26ce\igc32.dll
0x6ff40000 - 0x6ffbd000 	C:\WINDOWS\System32\TextInputFramework.dll
0x5f1f0000 - 0x5f249000 	C:\Users\furka\AppData\Local\Temp\lwjglfurka\3.1.2-build-29\lwjgl_opengl32.dll
0x74220000 - 0x7431c000 	C:\WINDOWS\System32\ole32.dll
0x733d0000 - 0x73552000 	C:\WINDOWS\SYSTEM32\dbghelp.dll

VM Arguments:
jvm_args: -javaagent:C:\Program Files\JetBrains\IntelliJ IDEA 2018.1.2\lib\idea_rt.jar=54452:C:\Program Files\JetBrains\IntelliJ IDEA 2018.1.2\bin -Dfile.encoding=UTF-8 
java_command: CGA.User.main
java_class_path (initial): C:\Program Files (x86)\Java\jdk1.8.0_111\jre\lib\charsets.jar;C:\Program Files (x86)\Java\jdk1.8.0_111\jre\lib\deploy.jar;C:\Program Files (x86)\Java\jdk1.8.0_111\jre\lib\ext\access-bridge-32.jar;C:\Program Files (x86)\Java\jdk1.8.0_111\jre\lib\ext\cldrdata.jar;C:\Program Files (x86)\Java\jdk1.8.0_111\jre\lib\ext\dnsns.jar;C:\Program Files (x86)\Java\jdk1.8.0_111\jre\lib\ext\jaccess.jar;C:\Program Files (x86)\Java\jdk1.8.0_111\jre\lib\ext\jfxrt.jar;C:\Program Files (x86)\Java\jdk1.8.0_111\jre\lib\ext\localedata.jar;C:\Program Files (x86)\Java\jdk1.8.0_111\jre\lib\ext\nashorn.jar;C:\Program Files (x86)\Java\jdk1.8.0_111\jre\lib\ext\sunec.jar;C:\Program Files (x86)\Java\jdk1.8.0_111\jre\lib\ext\sunjce_provider.jar;C:\Program Files (x86)\Java\jdk1.8.0_111\jre\lib\ext\sunmscapi.jar;C:\Program Files (x86)\Java\jdk1.8.0_111\jre\lib\ext\sunpkcs11.jar;C:\Program Files (x86)\Java\jdk1.8.0_111\jre\lib\ext\zipfs.jar;C:\Program Files (x86)\Java\jdk1.8.0_111\jre\lib\javaws.jar;C:\Program Files (x86)\Java\jdk1.8.0_111\jre\lib\jce.jar;C:\Program Files (x86)\Java\jdk1.8.0_111\jre\lib\jfr.jar;C:\Program Files (x86)\Java\jdk1.8.0_111\jre\lib\jfxswt.jar;C:\Program Files (x86)\Java\jdk1.8.0_111\jre\lib\jsse.jar;C:\Program Files (x86)\Java\jdk1.8.0_111\jre\lib\management-agent.jar;C:\Program Files (x86)\Java\jdk1.8.0_111\jre\lib\plugin.jar;C:\Program Files (x86)\Java\jdk1.8.0_111\jre\lib\resources.jar;C:\Program Files (x86)\Java\jdk1.8.0_111\jre\lib\rt.jar;C:\Users\furka\Desktop\CGA19_Framework\out\production\CGA19_Framework;C:\Users\furka\Desktop\CGA19_Framework\libs\lwjgl-release-3.1.2-custom\lwjgl-openal-sources.jar;C:\Users\furka\Desktop\CGA19_Framework\libs\lwjgl-release-3.1.2-custom\lwjgl-jawt-javadoc.jar;C:\Users\furka\Desktop\CGA19_Framework\libs\lwjgl-release-3.1.2-custom\lwjgl-openvr-natives-linux.jar;C:\Users\furka\Desktop\CGA19_Framework\libs\lwjgl-release-3.1.2-custom\lwjgl-glfw-natives-linux.jar;C:\Users\furka\Desktop\CGA19_Framework\libs\lwjgl
Launcher Type: SUN_STANDARD

Environment Variables:
PATH=C:\Program Files (x86)\Common Files\Intel\Shared Libraries\redist\intel64\compiler;C:\Program Files (x86)\Common Files\Oracle\Java\javapath;C:\ProgramData\Oracle\Java\javapath;C:\Program Files (x86)\Intel\iCLS Client\;C:\Program Files\Intel\iCLS Client\;C:\Windows\system32;C:\Windows;C:\Windows\System32\Wbem;C:\Windows\System32\WindowsPowerShell\v1.0\;C:\Program Files (x86)\Intel\Intel(R) Management Engine Components\DAL;C:\Program Files\Intel\Intel(R) Management Engine Components\DAL;C:\Program Files (x86)\Intel\Intel(R) Management Engine Components\IPT;C:\Program Files\Intel\Intel(R) Management Engine Components\IPT;C:\Program Files (x86)\NVIDIA Corporation\PhysX\Common;C:\WINDOWS\system32;C:\WINDOWS;C:\WINDOWS\System32\Wbem;C:\WINDOWS\System32\WindowsPowerShell\v1.0\;C:\Program Files (x86)\Skype\Phone\;C:\Program Files\Intel\WiFi\bin\;C:\Program Files\Common Files\Intel\WirelessCommon\;C:\Program Files\PuTTY\;C:\WINDOWS\System32\OpenSSH\;C:\Users\furka\AppData\Local\Microsoft\WindowsApps;C:\Users\furka\AppData\Local\atom\bin;C:\Users\furka\AppData\Local\GitHubDesktop\bin;C:\Users\furka\AppData\Local\Microsoft\WindowsApps;
USERNAME=furka
OS=Windows_NT
PROCESSOR_IDENTIFIER=Intel64 Family 6 Model 78 Stepping 3, GenuineIntel



---------------  S Y S T E M  ---------------

OS: Windows 10.0 , 64 bit Build 17134 (10.0.17134.753)

CPU:total 4 (2 cores per cpu, 2 threads per core) family 6 model 78 stepping 3, cmov, cx8, fxsr, mmx, sse, sse2, sse3, ssse3, sse4.1, sse4.2, popcnt, avx, avx2, aes, clmul, erms, 3dnowpref, lzcnt, ht, tsc, tscinvbit, bmi1, bmi2, adx

Memory: 4k page, physical 8285048k(3639376k free), swap 9595768k(3199508k free)

vm_info: Java HotSpot(TM) Client VM (25.111-b14) for windows-x86 JRE (1.8.0_111-b14), built on Sep 22 2016 18:54:33 by "java_re" with MS VC++ 10.0 (VS2010)

time: Wed May 22 15:25:58 2019
elapsed time: 5 seconds (0d 0h 0m 5s)

