#
# A fatal error has been detected by the Java Runtime Environment:
#
#  EXCEPTION_ACCESS_VIOLATION (0xc0000005) at pc=0x5fca8893, pid=13308, tid=0x000027dc
#
# JRE version: Java(TM) SE Runtime Environment (8.0_111-b14) (build 1.8.0_111-b14)
# Java VM: Java HotSpot(TM) Client VM (25.111-b14 mixed mode, sharing windows-x86 )
# Problematic frame:
# C  [ig9icd32.dll+0x78893]
#
# Failed to write core dump. Minidumps are not enabled by default on client versions of Windows
#
# If you would like to submit a bug report, please visit:
#   http://bugreport.java.com/bugreport/crash.jsp
# The crash happened outside the Java Virtual Machine in native code.
# See problematic frame for where to report the bug.
#

---------------  T H R E A D  ---------------

Current thread (0x02ade400):  JavaThread "main" [_thread_in_native, id=10204, stack(0x01150000,0x011a0000)]

siginfo: ExceptionCode=0xc0000005, reading address 0x1d760000

Registers:
EAX=0x1d75ffc0, EBX=0x1b81ac00, ECX=0x0000000b, EDX=0x00000b40
ESP=0x0119ef3c, EBP=0x0119ef40, ESI=0x0119efc4, EDI=0x1b81b180
EIP=0x5fca8893, EFLAGS=0x00010203

Top of Stack: (sp=0x0119ef3c)
0x0119ef3c:   1d75fa40 0119ef68 6000948c 1b81ac00
0x0119ef4c:   00000000 00000b40 0119f108 0119f0c4
0x0119ef5c:   0119f0a4 00000b40 00000086 0119f010
0x0119ef6c:   6000a2f0 0119f108 00000000 1e080548
0x0119ef7c:   1e080558 00000000 00000000 00ede930
0x0119ef8c:   00000000 0119efc4 5fc60678 1e080558
0x0119ef9c:   00000000 0119f010 0119effc 17c4bef8
0x0119efac:   00ee49c0 00000000 600098f2 00ee49c0 

Instructions: (pc=0x5fca8893)
0x5fca8873:   00 00 00 85 c9 74 5d 8d 9b 00 00 00 00 66 0f 6f
0x5fca8883:   38 66 0f 6f 70 10 66 0f 6f 68 20 66 0f 6f 60 30
0x5fca8893:   66 0f 6f 58 40 66 0f 6f 50 50 66 0f 6f 48 60 66
0x5fca88a3:   0f 6f 40 70 83 e8 80 66 0f e7 3f 66 0f e7 77 10 


Register to memory mapping:

EAX=0x1d75ffc0 is an unknown value
EBX=0x1b81ac00 is an unknown value
ECX=0x0000000b is an unknown value
EDX=0x00000b40 is an unknown value
ESP=0x0119ef3c is pointing into the stack for thread: 0x02ade400
EBP=0x0119ef40 is pointing into the stack for thread: 0x02ade400
ESI=0x0119efc4 is pointing into the stack for thread: 0x02ade400
EDI=0x1b81b180 is an unknown value


Stack: [0x01150000,0x011a0000],  sp=0x0119ef3c,  free space=315k
Native frames: (J=compiled Java code, j=interpreted, Vv=VM code, C=native code)
C  [ig9icd32.dll+0x78893]
C  [ig9icd32.dll+0x3d948c]
C  [ig9icd32.dll+0x3da2f0]
C  [ig9icd32.dll+0x3ddb09]
C  [ig9icd32.dll+0x226afd]
C  [ig9icd32.dll+0x22689b]
C  [ig9icd32.dll+0x3afd9]
C  [ig9icd32.dll+0x43a1c]
C  [ig9icd32.dll+0x4c3ab]
C  [opengl32.dll+0x27c2e]
C  [lwjgl_opengl32.dll+0x105f5]
j  org.lwjgl.opengl.GL11.glTexImage2D(IIIIIIIILjava/nio/ByteBuffer;)V+17
j  CGA.User.DataStructures.Texture2D.processTexture(Ljava/nio/ByteBuffer;IIZ)V+34
j  CGA.User.DataStructures.Texture2D.<init>(Ljava/lang/String;Z)V+93
j  CGA.Framework.ModelLoader.loadModel(Ljava/lang/String;FFF)LCGA/User/DataStructures/Geometry/Renderable;+261
j  CGA.User.Game.Scene.init()Z+255
j  CGA.User.Game.Game.init()V+9
j  CGA.Framework.GameWindow.run()V+21
j  CGA.User.main.main([Ljava/lang/String;)V+21
v  ~StubRoutines::call_stub
V  [jvm.dll+0x15a895]
V  [jvm.dll+0x220bfe]
V  [jvm.dll+0x15a92e]
V  [jvm.dll+0xdc597]
V  [jvm.dll+0xe4b2f]
C  [java.exe+0x229e]
C  [java.exe+0xaeaf]
C  [java.exe+0xaf39]
C  [KERNEL32.DLL+0x18494]
C  [ntdll.dll+0x641c8]
C  [ntdll.dll+0x64198]
C  0x00000000

Java frames: (J=compiled Java code, j=interpreted, Vv=VM code)
j  org.lwjgl.opengl.GL11.nglTexImage2D(IIIIIIIIJ)V+0
j  org.lwjgl.opengl.GL11.glTexImage2D(IIIIIIIILjava/nio/ByteBuffer;)V+17
j  CGA.User.DataStructures.Texture2D.processTexture(Ljava/nio/ByteBuffer;IIZ)V+34
j  CGA.User.DataStructures.Texture2D.<init>(Ljava/lang/String;Z)V+93
j  CGA.Framework.ModelLoader.loadModel(Ljava/lang/String;FFF)LCGA/User/DataStructures/Geometry/Renderable;+261
j  CGA.User.Game.Scene.init()Z+255
j  CGA.User.Game.Game.init()V+9
j  CGA.Framework.GameWindow.run()V+21
j  CGA.User.main.main([Ljava/lang/String;)V+21
v  ~StubRoutines::call_stub

---------------  P R O C E S S  ---------------

Java Threads: ( => current thread )
  0x165c2000 JavaThread "Service Thread" daemon [_thread_blocked, id=11716, stack(0x16b60000,0x16bb0000)]
  0x165a3400 JavaThread "C1 CompilerThread0" daemon [_thread_blocked, id=11728, stack(0x16ad0000,0x16b20000)]
  0x1656c400 JavaThread "Monitor Ctrl-Break" daemon [_thread_in_native, id=11764, stack(0x16970000,0x169c0000)]
  0x02b76800 JavaThread "Attach Listener" daemon [_thread_blocked, id=11620, stack(0x15d40000,0x15d90000)]
  0x02b74800 JavaThread "Signal Dispatcher" daemon [_thread_blocked, id=14012, stack(0x15cb0000,0x15d00000)]
  0x02b67c00 JavaThread "Finalizer" daemon [_thread_blocked, id=10248, stack(0x15090000,0x150e0000)]
  0x02b0e800 JavaThread "Reference Handler" daemon [_thread_blocked, id=10104, stack(0x15000000,0x15050000)]
=>0x02ade400 JavaThread "main" [_thread_in_native, id=10204, stack(0x01150000,0x011a0000)]

Other Threads:
  0x02b0ac00 VMThread [stack: 0x04f60000,0x04fb0000] [id=13464]
  0x165f9000 WatcherThread [stack: 0x16c10000,0x16c60000] [id=11852]

VM state:not at safepoint (normal execution)

VM Mutex/Monitor currently owned by a thread: None

Heap:
 def new generation   total 4928K, used 1202K [0x05000000, 0x05550000, 0x0a550000)
  eden space 4416K,  15% used [0x05000000, 0x050ac8e8, 0x05450000)
  from space 512K,  99% used [0x054d0000, 0x0554fff8, 0x05550000)
  to   space 512K,   0% used [0x05450000, 0x05450000, 0x054d0000)
 tenured generation   total 10944K, used 8898K [0x0a550000, 0x0b000000, 0x15000000)
   the space 10944K,  81% used [0x0a550000, 0x0ae00988, 0x0ae00a00, 0x0b000000)
 Metaspace       used 2894K, capacity 4609K, committed 4736K, reserved 5504K

Card table byte_map: [0x04e90000,0x04f20000] byte_map_base: 0x04e68000

Polling page: 0x00e20000

CodeCache: size=32768Kb used=1337Kb max_used=1337Kb free=31430Kb
 bounds [0x02e10000, 0x02f60000, 0x04e10000]
 total_blobs=919 nmethods=432 adapters=418
 compilation: enabled

Compilation events (10 events):
Event: 14.493 Thread 0x165a3400  432             java.util.jar.Attributes$Name::isValid (32 bytes)
Event: 14.493 Thread 0x165a3400 nmethod 432 0x02f5dac8 code [0x02f5dbc0, 0x02f5dcd0]
Event: 14.493 Thread 0x165a3400  433             java.util.jar.Attributes$Name::isAlpha (30 bytes)
Event: 14.493 Thread 0x165a3400 nmethod 433 0x02f5dd08 code [0x02f5de00, 0x02f5deb0]
Event: 14.495 Thread 0x165a3400  434             java.lang.invoke.LambdaForm$BasicType::basicType (19 bytes)
Event: 14.495 Thread 0x165a3400 nmethod 434 0x02f5e088 code [0x02f5e1a0, 0x02f5e284]
Event: 14.533 Thread 0x165a3400  435             java.lang.String::toLowerCase (8 bytes)
Event: 14.533 Thread 0x165a3400 nmethod 435 0x02f5e388 code [0x02f5e490, 0x02f5e52c]
Event: 14.533 Thread 0x165a3400  436             java.util.Locale::getDefault (4 bytes)
Event: 14.533 Thread 0x165a3400 nmethod 436 0x02f5e588 code [0x02f5e680, 0x02f5e700]

GC Heap History (10 events):
Event: 14.396 GC heap before
{Heap before GC invocations=6 (full 0):
 def new generation   total 4928K, used 4928K [0x05000000, 0x05550000, 0x0a550000)
  eden space 4416K, 100% used [0x05000000, 0x05450000, 0x05450000)
  from space 512K, 100% used [0x05450000, 0x054d0000, 0x054d0000)
  to   space 512K,   0% used [0x054d0000, 0x054d0000, 0x05550000)
 tenured generation   total 10944K, used 2653K [0x0a550000, 0x0b000000, 0x15000000)
   the space 10944K,  24% used [0x0a550000, 0x0a7e75b0, 0x0a7e7600, 0x0b000000)
 Metaspace       used 2769K, capacity 4506K, committed 4608K, reserved 5504K
Event: 14.402 GC heap after
Heap after GC invocations=7 (full 0):
 def new generation   total 4928K, used 511K [0x05000000, 0x05550000, 0x0a550000)
  eden space 4416K,   0% used [0x05000000, 0x05000000, 0x05450000)
  from space 512K,  99% used [0x054d0000, 0x0554fff8, 0x05550000)
  to   space 512K,   0% used [0x05450000, 0x05450000, 0x054d0000)
 tenured generation   total 10944K, used 4044K [0x0a550000, 0x0b000000, 0x15000000)
   the space 10944K,  36% used [0x0a550000, 0x0a943060, 0x0a943200, 0x0b000000)
 Metaspace       used 2769K, capacity 4506K, committed 4608K, reserved 5504K
}
Event: 14.422 GC heap before
{Heap before GC invocations=7 (full 0):
 def new generation   total 4928K, used 4927K [0x05000000, 0x05550000, 0x0a550000)
  eden space 4416K, 100% used [0x05000000, 0x05450000, 0x05450000)
  from space 512K,  99% used [0x054d0000, 0x0554fff8, 0x05550000)
  to   space 512K,   0% used [0x05450000, 0x05450000, 0x054d0000)
 tenured generation   total 10944K, used 4044K [0x0a550000, 0x0b000000, 0x15000000)
   the space 10944K,  36% used [0x0a550000, 0x0a943060, 0x0a943200, 0x0b000000)
 Metaspace       used 2778K, capacity 4506K, committed 4608K, reserved 5504K
Event: 14.426 GC heap after
Heap after GC invocations=8 (full 0):
 def new generation   total 4928K, used 512K [0x05000000, 0x05550000, 0x0a550000)
  eden space 4416K,   0% used [0x05000000, 0x05000000, 0x05450000)
  from space 512K, 100% used [0x05450000, 0x054d0000, 0x054d0000)
  to   space 512K,   0% used [0x054d0000, 0x054d0000, 0x05550000)
 tenured generation   total 10944K, used 5138K [0x0a550000, 0x0b000000, 0x15000000)
   the space 10944K,  46% used [0x0a550000, 0x0aa54b68, 0x0aa54c00, 0x0b000000)
 Metaspace       used 2778K, capacity 4506K, committed 4608K, reserved 5504K
}
Event: 14.435 GC heap before
{Heap before GC invocations=8 (full 0):
 def new generation   total 4928K, used 4928K [0x05000000, 0x05550000, 0x0a550000)
  eden space 4416K, 100% used [0x05000000, 0x05450000, 0x05450000)
  from space 512K, 100% used [0x05450000, 0x054d0000, 0x054d0000)
  to   space 512K,   0% used [0x054d0000, 0x054d0000, 0x05550000)
 tenured generation   total 10944K, used 5138K [0x0a550000, 0x0b000000, 0x15000000)
   the space 10944K,  46% used [0x0a550000, 0x0aa54b68, 0x0aa54c00, 0x0b000000)
 Metaspace       used 2778K, capacity 4506K, committed 4608K, reserved 5504K
Event: 14.441 GC heap after
Heap after GC invocations=9 (full 0):
 def new generation   total 4928K, used 512K [0x05000000, 0x05550000, 0x0a550000)
  eden space 4416K,   0% used [0x05000000, 0x05000000, 0x05450000)
  from space 512K, 100% used [0x054d0000, 0x05550000, 0x05550000)
  to   space 512K,   0% used [0x05450000, 0x05450000, 0x054d0000)
 tenured generation   total 10944K, used 6436K [0x0a550000, 0x0b000000, 0x15000000)
   the space 10944K,  58% used [0x0a550000, 0x0ab990d0, 0x0ab99200, 0x0b000000)
 Metaspace       used 2778K, capacity 4506K, committed 4608K, reserved 5504K
}
Event: 14.446 GC heap before
{Heap before GC invocations=9 (full 0):
 def new generation   total 4928K, used 4928K [0x05000000, 0x05550000, 0x0a550000)
  eden space 4416K, 100% used [0x05000000, 0x05450000, 0x05450000)
  from space 512K, 100% used [0x054d0000, 0x05550000, 0x05550000)
  to   space 512K,   0% used [0x05450000, 0x05450000, 0x054d0000)
 tenured generation   total 10944K, used 6436K [0x0a550000, 0x0b000000, 0x15000000)
   the space 10944K,  58% used [0x0a550000, 0x0ab990d0, 0x0ab99200, 0x0b000000)
 Metaspace       used 2778K, capacity 4506K, committed 4608K, reserved 5504K
Event: 14.452 GC heap after
Heap after GC invocations=10 (full 0):
 def new generation   total 4928K, used 511K [0x05000000, 0x05550000, 0x0a550000)
  eden space 4416K,   0% used [0x05000000, 0x05000000, 0x05450000)
  from space 512K,  99% used [0x05450000, 0x054cfff8, 0x054d0000)
  to   space 512K,   0% used [0x054d0000, 0x054d0000, 0x05550000)
 tenured generation   total 10944K, used 7828K [0x0a550000, 0x0b000000, 0x15000000)
   the space 10944K,  71% used [0x0a550000, 0x0acf5308, 0x0acf5400, 0x0b000000)
 Metaspace       used 2778K, capacity 4506K, committed 4608K, reserved 5504K
}
Event: 14.465 GC heap before
{Heap before GC invocations=10 (full 0):
 def new generation   total 4928K, used 4927K [0x05000000, 0x05550000, 0x0a550000)
  eden space 4416K, 100% used [0x05000000, 0x05450000, 0x05450000)
  from space 512K,  99% used [0x05450000, 0x054cfff8, 0x054d0000)
  to   space 512K,   0% used [0x054d0000, 0x054d0000, 0x05550000)
 tenured generation   total 10944K, used 7828K [0x0a550000, 0x0b000000, 0x15000000)
   the space 10944K,  71% used [0x0a550000, 0x0acf5308, 0x0acf5400, 0x0b000000)
 Metaspace       used 2789K, capacity 4506K, committed 4608K, reserved 5504K
Event: 14.469 GC heap after
Heap after GC invocations=11 (full 0):
 def new generation   total 4928K, used 511K [0x05000000, 0x05550000, 0x0a550000)
  eden space 4416K,   0% used [0x05000000, 0x05000000, 0x05450000)
  from space 512K,  99% used [0x054d0000, 0x0554fff8, 0x05550000)
  to   space 512K,   0% used [0x05450000, 0x05450000, 0x054d0000)
 tenured generation   total 10944K, used 8898K [0x0a550000, 0x0b000000, 0x15000000)
   the space 10944K,  81% used [0x0a550000, 0x0ae00988, 0x0ae00a00, 0x0b000000)
 Metaspace       used 2789K, capacity 4506K, committed 4608K, reserved 5504K
}

Deoptimization events (0 events):
No events

Internal exceptions (10 events):
Event: 0.185 Thread 0x02ade400 Exception <a 'java/lang/NoSuchMethodError': Method sun.misc.Unsafe.prefetchRead(Ljava/lang/Object;J)V name or signature does not match> (0x05007c60) thrown at [C:\re\workspace\8-2-build-windows-i586-cygwin\jdk8u111\7883\hotspot\src\share\vm\prims\jni.cpp,
Event: 12.759 Thread 0x02ade400 Exception <a 'java/lang/NoSuchMethodError': java.lang.Object.lambda$static$0(Ljava/lang/String;)Ljava/lang/Boolean;> (0x0502ebe0) thrown at [C:\re\workspace\8-2-build-windows-i586-cygwin\jdk8u111\7883\hotspot\src\share\vm\interpreter\linkResolver.cpp, lin
Event: 12.768 Thread 0x02ade400 Exception <a 'java/lang/NoSuchFieldError': method resolution failed> (0x050a3318) thrown at [C:\re\workspace\8-2-build-windows-i586-cygwin\jdk8u111\7883\hotspot\src\share\vm\prims\methodHandles.cpp, line 1146]
Event: 12.769 Thread 0x02ade400 Exception <a 'java/lang/NoSuchFieldError': method resolution failed> (0x050afe28) thrown at [C:\re\workspace\8-2-build-windows-i586-cygwin\jdk8u111\7883\hotspot\src\share\vm\prims\methodHandles.cpp, line 1146]
Event: 12.810 Thread 0x02ade400 Exception <a 'java/security/PrivilegedActionException'> (0x0528dad8) thrown at [C:\re\workspace\8-2-build-windows-i586-cygwin\jdk8u111\7883\hotspot\src\share\vm\prims\jvm.cpp, line 1386]
Event: 12.810 Thread 0x02ade400 Exception <a 'java/security/PrivilegedActionException'> (0x0528dcd8) thrown at [C:\re\workspace\8-2-build-windows-i586-cygwin\jdk8u111\7883\hotspot\src\share\vm\prims\jvm.cpp, line 1386]
Event: 12.810 Thread 0x02ade400 Exception <a 'java/security/PrivilegedActionException'> (0x05291db0) thrown at [C:\re\workspace\8-2-build-windows-i586-cygwin\jdk8u111\7883\hotspot\src\share\vm\prims\jvm.cpp, line 1386]
Event: 12.810 Thread 0x02ade400 Exception <a 'java/security/PrivilegedActionException'> (0x05291fb0) thrown at [C:\re\workspace\8-2-build-windows-i586-cygwin\jdk8u111\7883\hotspot\src\share\vm\prims\jvm.cpp, line 1386]
Event: 13.641 Thread 0x02ade400 Exception <a 'sun/nio/fs/WindowsException'> (0x052ecd60) thrown at [C:\re\workspace\8-2-build-windows-i586-cygwin\jdk8u111\7883\hotspot\src\share\vm\prims\jni.cpp, line 709]
Event: 13.641 Thread 0x02ade400 Exception <a 'sun/nio/fs/WindowsException'> (0x052ee6b8) thrown at [C:\re\workspace\8-2-build-windows-i586-cygwin\jdk8u111\7883\hotspot\src\share\vm\prims\jni.cpp, line 709]

Events (10 events):
Event: 14.478 loading class org/joml/Options
Event: 14.478 loading class org/joml/Options done
Event: 14.479 loading class CGA/User/DataStructures/Texture2D
Event: 14.479 loading class CGA/User/DataStructures/Texture2D done
Event: 14.485 loading class CGA/User/DataStructures/ITexture
Event: 14.485 loading class CGA/User/DataStructures/ITexture done
Event: 14.492 loading class org/lwjgl/stb/STBImage
Event: 14.492 loading class org/lwjgl/stb/STBImage done
Event: 14.494 loading class org/lwjgl/stb/LibSTB
Event: 14.494 loading class org/lwjgl/stb/LibSTB done


Dynamic libraries:
0x002b0000 - 0x002e3000 	C:\Program Files (x86)\Java\jdk1.8.0_111\bin\java.exe
0x77bc0000 - 0x77d50000 	C:\WINDOWS\SYSTEM32\ntdll.dll
0x76210000 - 0x762f0000 	C:\WINDOWS\System32\KERNEL32.DLL
0x77240000 - 0x77424000 	C:\WINDOWS\System32\KERNELBASE.dll
0x6e030000 - 0x6e0cd000 	C:\WINDOWS\SYSTEM32\apphelp.dll
0x764f0000 - 0x76568000 	C:\WINDOWS\System32\ADVAPI32.dll
0x76880000 - 0x7693f000 	C:\WINDOWS\System32\msvcrt.dll
0x74780000 - 0x747c4000 	C:\WINDOWS\System32\sechost.dll
0x77450000 - 0x77510000 	C:\WINDOWS\System32\RPCRT4.dll
0x74480000 - 0x744a0000 	C:\WINDOWS\System32\SspiCli.dll
0x74470000 - 0x7447a000 	C:\WINDOWS\System32\CRYPTBASE.dll
0x75d70000 - 0x75dc8000 	C:\WINDOWS\System32\bcryptPrimitives.dll
0x76570000 - 0x766fd000 	C:\WINDOWS\System32\USER32.dll
0x74840000 - 0x74857000 	C:\WINDOWS\System32\win32u.dll
0x74730000 - 0x74752000 	C:\WINDOWS\System32\GDI32.dll
0x75c00000 - 0x75d64000 	C:\WINDOWS\System32\gdi32full.dll
0x74680000 - 0x746fd000 	C:\WINDOWS\System32\msvcp_win.dll
0x76700000 - 0x7681d000 	C:\WINDOWS\System32\ucrtbase.dll
0x71070000 - 0x71274000 	C:\WINDOWS\WinSxS\x86_microsoft.windows.common-controls_6595b64144ccf1df_6.0.17134.829_none_42f3dc1e44dde2db\COMCTL32.dll
0x76940000 - 0x76b9c000 	C:\WINDOWS\System32\combase.dll
0x74700000 - 0x74726000 	C:\WINDOWS\System32\IMM32.DLL
0x6b7b0000 - 0x6b86f000 	C:\Program Files (x86)\Java\jdk1.8.0_111\jre\bin\msvcr100.dll
0x60660000 - 0x60a2d000 	C:\Program Files (x86)\Java\jdk1.8.0_111\jre\bin\client\jvm.dll
0x76e30000 - 0x76e36000 	C:\WINDOWS\System32\PSAPI.DLL
0x707c0000 - 0x707c8000 	C:\WINDOWS\SYSTEM32\WSOCK32.dll
0x76e40000 - 0x76ea7000 	C:\WINDOWS\System32\WS2_32.dll
0x71c70000 - 0x71c94000 	C:\WINDOWS\SYSTEM32\WINMM.dll
0x735b0000 - 0x735b8000 	C:\WINDOWS\SYSTEM32\VERSION.dll
0x71280000 - 0x712a3000 	C:\WINDOWS\SYSTEM32\WINMMBASE.dll
0x744a0000 - 0x744d9000 	C:\WINDOWS\System32\cfgmgr32.dll
0x6ed00000 - 0x6ed0c000 	C:\Program Files (x86)\Java\jdk1.8.0_111\jre\bin\verify.dll
0x6b780000 - 0x6b7a1000 	C:\Program Files (x86)\Java\jdk1.8.0_111\jre\bin\java.dll
0x6b740000 - 0x6b760000 	C:\Program Files (x86)\Java\jdk1.8.0_111\jre\bin\instrument.dll
0x6b760000 - 0x6b773000 	C:\Program Files (x86)\Java\jdk1.8.0_111\jre\bin\zip.dll
0x74860000 - 0x75baa000 	C:\WINDOWS\System32\SHELL32.dll
0x770d0000 - 0x77158000 	C:\WINDOWS\System32\shcore.dll
0x77510000 - 0x77aca000 	C:\WINDOWS\System32\windows.storage.dll
0x75bb0000 - 0x75bf5000 	C:\WINDOWS\System32\shlwapi.dll
0x76ba0000 - 0x76baf000 	C:\WINDOWS\System32\kernel.appcore.dll
0x74760000 - 0x74778000 	C:\WINDOWS\System32\profapi.dll
0x744e0000 - 0x74525000 	C:\WINDOWS\System32\powrprof.dll
0x76eb0000 - 0x76eb8000 	C:\WINDOWS\System32\FLTLIB.DLL
0x693f0000 - 0x69406000 	C:\Program Files\JetBrains\IntelliJ IDEA 2018.1.2\bin\breakgen.dll
0x6b720000 - 0x6b736000 	C:\Program Files (x86)\Java\jdk1.8.0_111\jre\bin\net.dll
0x73620000 - 0x73676000 	C:\WINDOWS\system32\mswsock.dll
0x6ecf0000 - 0x6ecff000 	C:\Program Files (x86)\Java\jdk1.8.0_111\jre\bin\nio.dll
0x67860000 - 0x678ae000 	C:\Users\furka\AppData\Local\Temp\lwjglfurka\3.1.2-build-29\lwjgl32.dll
0x67820000 - 0x67856000 	C:\Users\furka\AppData\Local\Temp\lwjglfurka\3.1.2-build-29\glfw32.dll
0x71350000 - 0x713cc000 	C:\WINDOWS\system32\uxtheme.dll
0x677e0000 - 0x67819000 	C:\WINDOWS\SYSTEM32\dinput8.dll
0x6c280000 - 0x6c28d000 	C:\WINDOWS\SYSTEM32\xinput1_4.dll
0x734e0000 - 0x73502000 	C:\WINDOWS\SYSTEM32\DEVOBJ.dll
0x71320000 - 0x71343000 	C:\WINDOWS\SYSTEM32\dwmapi.dll
0x67780000 - 0x677da000 	C:\WINDOWS\SYSTEM32\inputhost.dll
0x6e570000 - 0x6e5fb000 	C:\WINDOWS\SYSTEM32\CoreMessaging.dll
0x6fb10000 - 0x6fbe6000 	C:\WINDOWS\SYSTEM32\wintypes.dll
0x6e600000 - 0x6e85d000 	C:\WINDOWS\SYSTEM32\CoreUIComponents.dll
0x70ae0000 - 0x70b09000 	C:\WINDOWS\SYSTEM32\ntmarta.dll
0x74530000 - 0x74673000 	C:\WINDOWS\System32\MSCTF.dll
0x76bb0000 - 0x76c46000 	C:\WINDOWS\System32\OLEAUT32.dll
0x702b0000 - 0x702ba000 	C:\WINDOWS\SYSTEM32\HID.DLL
0x75dd0000 - 0x761fb000 	C:\WINDOWS\System32\SETUPAPI.DLL
0x76d50000 - 0x76d97000 	C:\WINDOWS\System32\WINTRUST.dll
0x74830000 - 0x7483e000 	C:\WINDOWS\System32\MSASN1.dll
0x76f30000 - 0x770c6000 	C:\WINDOWS\System32\CRYPT32.dll
0x67750000 - 0x6777e000 	C:\Users\furka\AppData\Local\Temp\lwjglfurka\3.1.2-build-29\jemalloc32.dll
0x67610000 - 0x676e9000 	C:\WINDOWS\SYSTEM32\opengl32.dll
0x67710000 - 0x6774f000 	C:\WINDOWS\SYSTEM32\GLU32.dll
0x5fc30000 - 0x6065a000 	C:\WINDOWS\System32\DriverStore\FileRepository\igdlh64.inf_amd64_463164d40c3d26ce\ig9icd32.dll
0x735f0000 - 0x735ff000 	C:\WINDOWS\SYSTEM32\WTSAPI32.dll
0x61790000 - 0x6266c000 	C:\WINDOWS\System32\DriverStore\FileRepository\igdlh64.inf_amd64_463164d40c3d26ce\igc32.dll
0x6e860000 - 0x6e8dd000 	C:\WINDOWS\System32\TextInputFramework.dll
0x67310000 - 0x67369000 	C:\Users\furka\AppData\Local\Temp\lwjglfurka\3.1.2-build-29\lwjgl_opengl32.dll
0x5f870000 - 0x5fc22000 	C:\Users\furka\AppData\Local\Temp\lwjglfurka\3.1.2-build-29\assimp32.dll
0x672a0000 - 0x67309000 	C:\Users\furka\AppData\Local\Temp\lwjglfurka\3.1.2-build-29\lwjgl_stb32.dll
0x736b0000 - 0x73832000 	C:\WINDOWS\SYSTEM32\dbghelp.dll

VM Arguments:
jvm_args: -javaagent:C:\Program Files\JetBrains\IntelliJ IDEA 2018.1.2\lib\idea_rt.jar=49878:C:\Program Files\JetBrains\IntelliJ IDEA 2018.1.2\bin -Dfile.encoding=UTF-8 
java_command: CGA.User.main
java_class_path (initial): C:\Program Files (x86)\Java\jdk1.8.0_111\jre\lib\charsets.jar;C:\Program Files (x86)\Java\jdk1.8.0_111\jre\lib\deploy.jar;C:\Program Files (x86)\Java\jdk1.8.0_111\jre\lib\ext\access-bridge-32.jar;C:\Program Files (x86)\Java\jdk1.8.0_111\jre\lib\ext\cldrdata.jar;C:\Program Files (x86)\Java\jdk1.8.0_111\jre\lib\ext\dnsns.jar;C:\Program Files (x86)\Java\jdk1.8.0_111\jre\lib\ext\jaccess.jar;C:\Program Files (x86)\Java\jdk1.8.0_111\jre\lib\ext\jfxrt.jar;C:\Program Files (x86)\Java\jdk1.8.0_111\jre\lib\ext\localedata.jar;C:\Program Files (x86)\Java\jdk1.8.0_111\jre\lib\ext\nashorn.jar;C:\Program Files (x86)\Java\jdk1.8.0_111\jre\lib\ext\sunec.jar;C:\Program Files (x86)\Java\jdk1.8.0_111\jre\lib\ext\sunjce_provider.jar;C:\Program Files (x86)\Java\jdk1.8.0_111\jre\lib\ext\sunmscapi.jar;C:\Program Files (x86)\Java\jdk1.8.0_111\jre\lib\ext\sunpkcs11.jar;C:\Program Files (x86)\Java\jdk1.8.0_111\jre\lib\ext\zipfs.jar;C:\Program Files (x86)\Java\jdk1.8.0_111\jre\lib\javaws.jar;C:\Program Files (x86)\Java\jdk1.8.0_111\jre\lib\jce.jar;C:\Program Files (x86)\Java\jdk1.8.0_111\jre\lib\jfr.jar;C:\Program Files (x86)\Java\jdk1.8.0_111\jre\lib\jfxswt.jar;C:\Program Files (x86)\Java\jdk1.8.0_111\jre\lib\jsse.jar;C:\Program Files (x86)\Java\jdk1.8.0_111\jre\lib\management-agent.jar;C:\Program Files (x86)\Java\jdk1.8.0_111\jre\lib\plugin.jar;C:\Program Files (x86)\Java\jdk1.8.0_111\jre\lib\resources.jar;C:\Program Files (x86)\Java\jdk1.8.0_111\jre\lib\rt.jar;C:\Users\furka\Desktop\CGA19_Framework\out\production\CGA19_Framework;C:\Users\furka\Desktop\CGA19_Framework\libs\lwjgl-release-3.1.2-custom\lwjgl-openal-sources.jar;C:\Users\furka\Desktop\CGA19_Framework\libs\lwjgl-release-3.1.2-custom\lwjgl-jawt-javadoc.jar;C:\Users\furka\Desktop\CGA19_Framework\libs\lwjgl-release-3.1.2-custom\lwjgl-openvr-natives-linux.jar;C:\Users\furka\Desktop\CGA19_Framework\libs\lwjgl-release-3.1.2-custom\lwjgl-glfw-natives-linux.jar;C:\Users\furka\Desktop\CGA19_Framework\libs\lwjgl
Launcher Type: SUN_STANDARD

Environment Variables:
PATH=C:\Program Files (x86)\Common Files\Intel\Shared Libraries\redist\intel64\compiler;C:\Program Files (x86)\Common Files\Oracle\Java\javapath;C:\ProgramData\Oracle\Java\javapath;C:\Program Files (x86)\Intel\iCLS Client\;C:\Program Files\Intel\iCLS Client\;C:\Windows\system32;C:\Windows;C:\Windows\System32\Wbem;C:\Windows\System32\WindowsPowerShell\v1.0\;C:\Program Files (x86)\Intel\Intel(R) Management Engine Components\DAL;C:\Program Files\Intel\Intel(R) Management Engine Components\DAL;C:\Program Files (x86)\Intel\Intel(R) Management Engine Components\IPT;C:\Program Files\Intel\Intel(R) Management Engine Components\IPT;C:\Program Files (x86)\NVIDIA Corporation\PhysX\Common;C:\WINDOWS\system32;C:\WINDOWS;C:\WINDOWS\System32\Wbem;C:\WINDOWS\System32\WindowsPowerShell\v1.0\;C:\Program Files (x86)\Skype\Phone\;C:\Program Files\Intel\WiFi\bin\;C:\Program Files\Common Files\Intel\WirelessCommon\;C:\Program Files\PuTTY\;C:\WINDOWS\System32\OpenSSH\;C:\Users\furka\AppData\Local\Microsoft\WindowsApps;C:\Users\furka\AppData\Local\atom\bin;C:\Users\furka\AppData\Local\GitHubDesktop\bin;C:\Users\furka\AppData\Local\Microsoft\WindowsApps;
USERNAME=furka
OS=Windows_NT
PROCESSOR_IDENTIFIER=Intel64 Family 6 Model 78 Stepping 3, GenuineIntel



---------------  S Y S T E M  ---------------

OS: Windows 10.0 , 64 bit Build 17134 (10.0.17134.753)

CPU:total 4 (2 cores per cpu, 2 threads per core) family 6 model 78 stepping 3, cmov, cx8, fxsr, mmx, sse, sse2, sse3, ssse3, sse4.1, sse4.2, popcnt, avx, avx2, aes, clmul, erms, 3dnowpref, lzcnt, ht, tsc, tscinvbit, bmi1, bmi2, adx

Memory: 4k page, physical 8285048k(3614664k free), swap 9595768k(4904260k free)

vm_info: Java HotSpot(TM) Client VM (25.111-b14) for windows-x86 JRE (1.8.0_111-b14), built on Sep 22 2016 18:54:33 by "java_re" with MS VC++ 10.0 (VS2010)

time: Mon Jun 17 19:55:06 2019
elapsed time: 16 seconds (0d 0h 0m 16s)

