#
# A fatal error has been detected by the Java Runtime Environment:
#
#  EXCEPTION_ACCESS_VIOLATION (0xc0000005) at pc=0x0000000064ad8c7a, pid=7064, tid=22572
#
# JRE version: Java(TM) SE Runtime Environment (16.0.1+9) (build 16.0.1+9-24)
# Java VM: Java HotSpot(TM) 64-Bit Server VM (16.0.1+9-24, mixed mode, sharing, tiered, compressed oops, compressed class ptrs, g1 gc, windows-amd64)
# Problematic frame:
# C  [imgui-java64.dll+0xd8c7a]
#
# No core dump will be written. Minidumps are not enabled by default on client versions of Windows
#
# If you would like to submit a bug report, please visit:
#   https://bugreport.java.com/bugreport/crash.jsp
# The crash happened outside the Java Virtual Machine in native code.
# See problematic frame for where to report the bug.
#

---------------  S U M M A R Y ------------

Command Line: -Djava.library.path=D:\fiver\Project_Seven\CGA-Projekt-master 3\CGA-Projekt-master\project\libs -javaagent:C:\Program Files\JetBrains\IntelliJ IDEA Community Edition 2021.1.3\lib\idea_rt.jar=50478:C:\Program Files\JetBrains\IntelliJ IDEA Community Edition 2021.1.3\bin -Dfile.encoding=UTF-8 CGA.User.main

Host: AMD Ryzen 7 4800H with Radeon Graphics         , 16 cores, 7G,  Windows 10 , 64 bit Build 19041 (10.0.19041.1023)
Time: Wed Aug  4 19:23:00 2021 India Standard Time elapsed time: 0.793461 seconds (0d 0h 0m 0s)

---------------  T H R E A D  ---------------

Current thread (0x000001dc24af6d40):  JavaThread "main" [_thread_in_native, id=22572, stack(0x0000007463700000,0x0000007463800000)]

Stack: [0x0000007463700000,0x0000007463800000],  sp=0x00000074637fef50,  free space=1019k
Native frames: (J=compiled Java code, j=interpreted, Vv=VM code, C=native code)
C  [imgui-java64.dll+0xd8c7a]

Java frames: (J=compiled Java code, j=interpreted, Vv=VM code)
j  imgui.ImGui.text(Ljava/lang/String;)V+0
j  CGA.User.Game.Scene_Two.init()Z+33
j  CGA.User.Game.Game.init()V+4
j  CGA.Framework.GameWindow.run()V+21
j  CGA.User.main.main([Ljava/lang/String;)V+45
v  ~StubRoutines::call_stub

siginfo: EXCEPTION_ACCESS_VIOLATION (0xc0000005), reading address 0x0000000000001d18


Register to memory mapping:

RIP=0x0000000064ad8c7a imgui-java64.dll
RAX=0x0000000064e9b6a8 imgui-java64.dll
RBX=0x000001dc4f16a010 points into unknown readable memory: 0x57202c6f6c6c6548 | 48 65 6c 6c 6f 2c 20 57
RCX=0x000001dc4f16a010 points into unknown readable memory: 0x57202c6f6c6c6548 | 48 65 6c 6c 6f 2c 20 57
RDX=0x0 is NULL
RSP=0x00000074637fef50 is pointing into the stack for thread: 0x000001dc24af6d40
RBP=0x00000074637ff0d0 is pointing into the stack for thread: 0x000001dc24af6d40
RSI=0x0 is NULL
RDI=0x000001dc2da59512 is at code_begin+1138 in an Interpreter codelet
return entry points  [0x000001dc2da590a0, 0x000001dc2da59be0]  2880 bytes
R8 =0x0000000000000001 is an unknown value
R9 =0x0000000000000001 is an unknown value
R10=0x000001dc4f16a01d points into unknown readable memory: 00 00 00
R11=0x000001dc4f16a010 points into unknown readable memory: 0x57202c6f6c6c6548 | 48 65 6c 6c 6f 2c 20 57
R12=0x000001dc24af7050 points into unknown readable memory: 0x000001dc4f1a4300 | 00 43 1a 4f dc 01 00 00
R13=0x0 is NULL
R14=0x00000074637ff0f0 is pointing into the stack for thread: 0x000001dc24af6d40
R15=0x000001dc24af6d40 is a thread


Registers:
RAX=0x0000000064e9b6a8, RBX=0x000001dc4f16a010, RCX=0x000001dc4f16a010, RDX=0x0000000000000000
RSP=0x00000074637fef50, RBP=0x00000074637ff0d0, RSI=0x0000000000000000, RDI=0x000001dc2da59512
R8 =0x0000000000000001, R9 =0x0000000000000001, R10=0x000001dc4f16a01d, R11=0x000001dc4f16a010
R12=0x000001dc24af7050, R13=0x0000000000000000, R14=0x00000074637ff0f0, R15=0x000001dc24af6d40
RIP=0x0000000064ad8c7a, EFLAGS=0x0000000000010206

Top of Stack: (sp=0x00000074637fef50)
0x00000074637fef50:   000001dc24af6d40 000000008fcd4f18
0x00000074637fef60:   000000000000000e 000001dc2da59512
0x00000074637fef70:   000001dc24af6d40 000001dc24af6d40
0x00000074637fef80:   000000008fcd4f00 00007ff96624cac3
0x00000074637fef90:   0000000000000000 0000000000000000
0x00000074637fefa0:   0000000000000000 0000000000000000
0x00000074637fefb0:   0000000000000000 0000000000000000
0x00000074637fefc0:   0000000000000000 0000000000000000
0x00000074637fefd0:   0000000000000000 0000000000000000
0x00000074637fefe0:   000001dc4f16a010 0000000000000000
0x00000074637feff0:   000001dc2da59512 00000074637ff0d0
0x00000074637ff000:   000001dc24af7050 00000074637ff0f0
0x00000074637ff010:   00000074637ff0f0 0000000064a5b96b
0x00000074637ff020:   00000074637ff0d0 000001dc2da59512
0x00000074637ff030:   00000074637ff0f0 000001dc45acf150
0x00000074637ff040:   000001dc45acf150 0000000000000000 

Instructions: (pc=0x0000000064ad8c7a)
0x0000000064ad8b7a:   00 00 00 7d 0a 41 89 44 24 08 41 89 4c 24 04 4c
0x0000000064ad8b8a:   89 e2 4c 89 e9 e8 ec dd ff ff 41 8b 44 24 04 41
0x0000000064ad8b9a:   8b 4c 24 08 41 8b 55 04 39 c8 0f 85 fd f7 ff ff
0x0000000064ad8baa:   e9 1b f8 ff ff 39 c8 74 18 7e 07 41 89 4c 24 04
0x0000000064ad8bba:   89 c8 41 89 04 24 41 89 44 24 08 41 c6 44 24 16
0x0000000064ad8bca:   00 41 8b 55 04 41 39 14 24 0f 8e a0 fa ff ff 41
0x0000000064ad8bda:   89 14 24 e9 97 fa ff ff bd 01 00 00 00 e9 49 fa
0x0000000064ad8bea:   ff ff 39 d1 0f 8e d6 f7 ff ff e9 c1 f7 ff ff 41
0x0000000064ad8bfa:   8b 04 24 41 89 44 24 08 41 89 44 24 04 41 8b 55
0x0000000064ad8c0a:   04 e9 ba f7 ff ff 39 ca 0f 8d 61 fa ff ff 41 89
0x0000000064ad8c1a:   54 24 08 39 d0 75 ae 41 89 04 24 eb a8 41 8b 04
0x0000000064ad8c2a:   24 41 89 44 24 08 41 89 44 24 04 eb 94 31 ed e9
0x0000000064ad8c3a:   d6 f8 ff ff 66 90 41 56 41 55 41 54 55 57 56 53
0x0000000064ad8c4a:   48 81 ec 90 00 00 00 0f 11 74 24 40 0f 11 7c 24
0x0000000064ad8c5a:   50 44 0f 11 44 24 60 44 0f 11 4c 24 70 44 0f 11
0x0000000064ad8c6a:   94 24 80 00 00 00 48 8b 05 29 95 36 00 4c 8b 28
0x0000000064ad8c7a:   49 8b b5 18 1d 00 00 80 be d4 00 00 00 00 49 89
0x0000000064ad8c8a:   cc 48 89 d3 44 89 c7 c6 86 d1 00 00 00 01 0f 85
0x0000000064ad8c9a:   ce 00 00 00 48 85 c9 0f 84 31 01 00 00 48 85 db
0x0000000064ad8caa:   0f 84 10 01 00 00 48 89 d8 f3 0f 10 b6 1c 01 00
0x0000000064ad8cba:   00 f3 44 0f 10 86 18 01 00 00 4c 29 e0 f3 0f 58
0x0000000064ad8cca:   b6 50 01 00 00 f3 0f 10 8e 08 02 00 00 48 3d d0
0x0000000064ad8cda:   07 00 00 0f 8f bd 00 00 00 66 0f ef ff 0f 2f cf
0x0000000064ad8cea:   0f 83 b9 00 00 00 45 31 c0 48 89 da 0f 10 df 4c
0x0000000064ad8cfa:   89 e1 e8 5f b6 f4 ff 48 8d 4c 24 28 f3 44 0f 11
0x0000000064ad8d0a:   44 24 30 48 89 44 24 28 f3 0f 10 4c 24 28 f3 0f
0x0000000064ad8d1a:   10 44 24 2c f3 0f 11 74 24 34 f3 41 0f 58 c8 f3
0x0000000064ad8d2a:   0f 58 c6 f3 0f 11 4c 24 38 66 0f ef c9 f3 0f 11
0x0000000064ad8d3a:   44 24 3c e8 ce 02 f5 ff 45 31 c9 45 31 c0 31 d2
0x0000000064ad8d4a:   48 8d 4c 24 30 e8 ac 04 f5 ff 84 c0 74 14 48 8b
0x0000000064ad8d5a:   4c 24 30 0f 10 df 49 89 d8 4c 89 e2 e8 45 8e f5
0x0000000064ad8d6a:   ff 90 0f 10 74 24 40 0f 10 7c 24 50 44 0f 10 44 


Stack slot to memory mapping:
stack at sp + 0 slots: 0x000001dc24af6d40 is a thread
stack at sp + 1 slots: 0x000000008fcd4f18 is an oop: [B 
{0x000000008fcd4f18} - klass: {type array byte}
 - length: 13
stack at sp + 2 slots: 0x000000000000000e is an unknown value
stack at sp + 3 slots: 0x000001dc2da59512 is at code_begin+1138 in an Interpreter codelet
return entry points  [0x000001dc2da590a0, 0x000001dc2da59be0]  2880 bytes
stack at sp + 4 slots: 0x000001dc24af6d40 is a thread
stack at sp + 5 slots: 0x000001dc24af6d40 is a thread
stack at sp + 6 slots: 0x000000008fcd4f00 is an oop: java.lang.String 
{0x000000008fcd4f00} - klass: 'java/lang/String'
stack at sp + 7 slots: 0x00007ff96624cac3 jvm.dll


---------------  P R O C E S S  ---------------

Threads class SMR info:
_java_thread_list=0x000001dc461b2cf0, length=17, elements={
0x000001dc24af6d40, 0x000001dc450c98f0, 0x000001dc450ca5b0, 0x000001dc450d97d0,
0x000001dc450db0f0, 0x000001dc450dba00, 0x000001dc450dcc10, 0x000001dc450dd9f0,
0x000001dc450e64f0, 0x000001dc450f29d0, 0x000001dc45ca00f0, 0x000001dc45e16a90,
0x000001dc45ea7f80, 0x000001dc46195010, 0x000001dc4643bca0, 0x000001dc46634370,
0x000001dc4f134a30
}

Java Threads: ( => current thread )
=>0x000001dc24af6d40 JavaThread "main" [_thread_in_native, id=22572, stack(0x0000007463700000,0x0000007463800000)]
  0x000001dc450c98f0 JavaThread "Reference Handler" daemon [_thread_blocked, id=5916, stack(0x0000007463e00000,0x0000007463f00000)]
  0x000001dc450ca5b0 JavaThread "Finalizer" daemon [_thread_blocked, id=22852, stack(0x0000007463f00000,0x0000007464000000)]
  0x000001dc450d97d0 JavaThread "Signal Dispatcher" daemon [_thread_blocked, id=18264, stack(0x0000007464000000,0x0000007464100000)]
  0x000001dc450db0f0 JavaThread "Attach Listener" daemon [_thread_blocked, id=17060, stack(0x0000007464100000,0x0000007464200000)]
  0x000001dc450dba00 JavaThread "Service Thread" daemon [_thread_blocked, id=14192, stack(0x0000007464200000,0x0000007464300000)]
  0x000001dc450dcc10 JavaThread "Monitor Deflation Thread" daemon [_thread_blocked, id=23368, stack(0x0000007464300000,0x0000007464400000)]
  0x000001dc450dd9f0 JavaThread "C2 CompilerThread0" daemon [_thread_in_native, id=11300, stack(0x0000007464400000,0x0000007464500000)]
  0x000001dc450e64f0 JavaThread "C1 CompilerThread0" daemon [_thread_blocked, id=5360, stack(0x0000007464500000,0x0000007464600000)]
  0x000001dc450f29d0 JavaThread "Sweeper thread" daemon [_thread_blocked, id=8256, stack(0x0000007464600000,0x0000007464700000)]
  0x000001dc45ca00f0 JavaThread "C1 CompilerThread1" daemon [_thread_blocked, id=3184, stack(0x0000007464700000,0x0000007464800000)]
  0x000001dc45e16a90 JavaThread "Common-Cleaner" daemon [_thread_blocked, id=4960, stack(0x0000007464800000,0x0000007464900000)]
  0x000001dc45ea7f80 JavaThread "Monitor Ctrl-Break" daemon [_thread_in_native, id=13204, stack(0x0000007464a00000,0x0000007464b00000)]
  0x000001dc46195010 JavaThread "Notification Thread" daemon [_thread_blocked, id=15676, stack(0x0000007464b00000,0x0000007464c00000)]
  0x000001dc4643bca0 JavaThread "C1 CompilerThread2" daemon [_thread_blocked, id=24608, stack(0x0000007464d00000,0x0000007464e00000)]
  0x000001dc46634370 JavaThread "C1 CompilerThread3" daemon [_thread_blocked, id=13416, stack(0x0000007464e00000,0x0000007464f00000)]
  0x000001dc4f134a30 JavaThread "C2 CompilerThread1" daemon [_thread_blocked, id=15176, stack(0x0000007464900000,0x0000007464a00000)]

Other Threads:
  0x000001dc450c3580 VMThread "VM Thread" [stack: 0x0000007463d00000,0x0000007463e00000] [id=18724]
  0x000001dc45ea6940 WatcherThread [stack: 0x0000007464c00000,0x0000007464d00000] [id=23708]
  0x000001dc24b37fb0 GCTaskThread "GC Thread#0" [stack: 0x0000007463800000,0x0000007463900000] [id=22440]
  0x000001dc24b4a080 ConcurrentGCThread "G1 Main Marker" [stack: 0x0000007463900000,0x0000007463a00000] [id=21896]
  0x000001dc24b4a9f0 ConcurrentGCThread "G1 Conc#0" [stack: 0x0000007463a00000,0x0000007463b00000] [id=21844]
  0x000001dc24bbd8f0 ConcurrentGCThread "G1 Refine#0" [stack: 0x0000007463b00000,0x0000007463c00000] [id=22324]
  0x000001dc24bbe270 ConcurrentGCThread "G1 Service" [stack: 0x0000007463c00000,0x0000007463d00000] [id=22616]

Threads with active compile tasks:
C2 CompilerThread0      824 1023   !   4       jdk.internal.loader.URLClassPath$JarLoader::getResource (354 bytes)

VM state: not at safepoint (normal execution)

VM Mutex/Monitor currently owned by a thread: None

Heap address: 0x0000000089400000, size: 1900 MB, Compressed Oops mode: 32-bit

CDS archive(s) mapped at: [0x0000000800000000-0x0000000800bb0000-0x0000000800bb0000), size 12255232, SharedBaseAddress: 0x0000000800000000, ArchiveRelocationMode: 0.
Compressed class space mapped at: 0x0000000800c00000-0x0000000840c00000, reserved size: 1073741824
Narrow klass base: 0x0000000800000000, Narrow klass shift: 3, Narrow klass range: 0x100000000

GC Precious Log:
 CPUs: 16 total, 16 available
 Memory: 7597M
 Large Page Support: Disabled
 NUMA Support: Disabled
 Compressed Oops: Enabled (32-bit)
 Heap Region Size: 1M
 Heap Min Capacity: 8M
 Heap Initial Capacity: 120M
 Heap Max Capacity: 1900M
 Pre-touch: Disabled
 Parallel Workers: 13
 Concurrent Workers: 3
 Concurrent Refinement Workers: 13
 Periodic GC: Disabled

Heap:
 garbage-first heap   total 122880K, used 15360K [0x0000000089400000, 0x0000000100000000)
  region size 1024K, 17 young (17408K), 0 survivors (0K)
 Metaspace       used 5333K, committed 5504K, reserved 1056768K
  class space    used 306K, committed 384K, reserved 1048576K

Heap Regions: E=young(eden), S=young(survivor), O=old, HS=humongous(starts), HC=humongous(continues), CS=collection set, F=free, OA=open archive, CA=closed archive, TAMS=top-at-mark-start (previous, next)
|   0|0x0000000089400000, 0x0000000089400000, 0x0000000089500000|  0%| F|  |TAMS 0x0000000089400000, 0x0000000089400000| Untracked 
|   1|0x0000000089500000, 0x0000000089500000, 0x0000000089600000|  0%| F|  |TAMS 0x0000000089500000, 0x0000000089500000| Untracked 
|   2|0x0000000089600000, 0x0000000089600000, 0x0000000089700000|  0%| F|  |TAMS 0x0000000089600000, 0x0000000089600000| Untracked 
|   3|0x0000000089700000, 0x0000000089700000, 0x0000000089800000|  0%| F|  |TAMS 0x0000000089700000, 0x0000000089700000| Untracked 
|   4|0x0000000089800000, 0x0000000089800000, 0x0000000089900000|  0%| F|  |TAMS 0x0000000089800000, 0x0000000089800000| Untracked 
|   5|0x0000000089900000, 0x0000000089900000, 0x0000000089a00000|  0%| F|  |TAMS 0x0000000089900000, 0x0000000089900000| Untracked 
|   6|0x0000000089a00000, 0x0000000089a00000, 0x0000000089b00000|  0%| F|  |TAMS 0x0000000089a00000, 0x0000000089a00000| Untracked 
|   7|0x0000000089b00000, 0x0000000089b00000, 0x0000000089c00000|  0%| F|  |TAMS 0x0000000089b00000, 0x0000000089b00000| Untracked 
|   8|0x0000000089c00000, 0x0000000089c00000, 0x0000000089d00000|  0%| F|  |TAMS 0x0000000089c00000, 0x0000000089c00000| Untracked 
|   9|0x0000000089d00000, 0x0000000089d00000, 0x0000000089e00000|  0%| F|  |TAMS 0x0000000089d00000, 0x0000000089d00000| Untracked 
|  10|0x0000000089e00000, 0x0000000089e00000, 0x0000000089f00000|  0%| F|  |TAMS 0x0000000089e00000, 0x0000000089e00000| Untracked 
|  11|0x0000000089f00000, 0x0000000089f00000, 0x000000008a000000|  0%| F|  |TAMS 0x0000000089f00000, 0x0000000089f00000| Untracked 
|  12|0x000000008a000000, 0x000000008a000000, 0x000000008a100000|  0%| F|  |TAMS 0x000000008a000000, 0x000000008a000000| Untracked 
|  13|0x000000008a100000, 0x000000008a100000, 0x000000008a200000|  0%| F|  |TAMS 0x000000008a100000, 0x000000008a100000| Untracked 
|  14|0x000000008a200000, 0x000000008a200000, 0x000000008a300000|  0%| F|  |TAMS 0x000000008a200000, 0x000000008a200000| Untracked 
|  15|0x000000008a300000, 0x000000008a300000, 0x000000008a400000|  0%| F|  |TAMS 0x000000008a300000, 0x000000008a300000| Untracked 
|  16|0x000000008a400000, 0x000000008a400000, 0x000000008a500000|  0%| F|  |TAMS 0x000000008a400000, 0x000000008a400000| Untracked 
|  17|0x000000008a500000, 0x000000008a500000, 0x000000008a600000|  0%| F|  |TAMS 0x000000008a500000, 0x000000008a500000| Untracked 
|  18|0x000000008a600000, 0x000000008a600000, 0x000000008a700000|  0%| F|  |TAMS 0x000000008a600000, 0x000000008a600000| Untracked 
|  19|0x000000008a700000, 0x000000008a700000, 0x000000008a800000|  0%| F|  |TAMS 0x000000008a700000, 0x000000008a700000| Untracked 
|  20|0x000000008a800000, 0x000000008a800000, 0x000000008a900000|  0%| F|  |TAMS 0x000000008a800000, 0x000000008a800000| Untracked 
|  21|0x000000008a900000, 0x000000008a900000, 0x000000008aa00000|  0%| F|  |TAMS 0x000000008a900000, 0x000000008a900000| Untracked 
|  22|0x000000008aa00000, 0x000000008aa00000, 0x000000008ab00000|  0%| F|  |TAMS 0x000000008aa00000, 0x000000008aa00000| Untracked 
|  23|0x000000008ab00000, 0x000000008ab00000, 0x000000008ac00000|  0%| F|  |TAMS 0x000000008ab00000, 0x000000008ab00000| Untracked 
|  24|0x000000008ac00000, 0x000000008ac00000, 0x000000008ad00000|  0%| F|  |TAMS 0x000000008ac00000, 0x000000008ac00000| Untracked 
|  25|0x000000008ad00000, 0x000000008ad00000, 0x000000008ae00000|  0%| F|  |TAMS 0x000000008ad00000, 0x000000008ad00000| Untracked 
|  26|0x000000008ae00000, 0x000000008ae00000, 0x000000008af00000|  0%| F|  |TAMS 0x000000008ae00000, 0x000000008ae00000| Untracked 
|  27|0x000000008af00000, 0x000000008af00000, 0x000000008b000000|  0%| F|  |TAMS 0x000000008af00000, 0x000000008af00000| Untracked 
|  28|0x000000008b000000, 0x000000008b000000, 0x000000008b100000|  0%| F|  |TAMS 0x000000008b000000, 0x000000008b000000| Untracked 
|  29|0x000000008b100000, 0x000000008b100000, 0x000000008b200000|  0%| F|  |TAMS 0x000000008b100000, 0x000000008b100000| Untracked 
|  30|0x000000008b200000, 0x000000008b200000, 0x000000008b300000|  0%| F|  |TAMS 0x000000008b200000, 0x000000008b200000| Untracked 
|  31|0x000000008b300000, 0x000000008b300000, 0x000000008b400000|  0%| F|  |TAMS 0x000000008b300000, 0x000000008b300000| Untracked 
|  32|0x000000008b400000, 0x000000008b400000, 0x000000008b500000|  0%| F|  |TAMS 0x000000008b400000, 0x000000008b400000| Untracked 
|  33|0x000000008b500000, 0x000000008b500000, 0x000000008b600000|  0%| F|  |TAMS 0x000000008b500000, 0x000000008b500000| Untracked 
|  34|0x000000008b600000, 0x000000008b600000, 0x000000008b700000|  0%| F|  |TAMS 0x000000008b600000, 0x000000008b600000| Untracked 
|  35|0x000000008b700000, 0x000000008b700000, 0x000000008b800000|  0%| F|  |TAMS 0x000000008b700000, 0x000000008b700000| Untracked 
|  36|0x000000008b800000, 0x000000008b800000, 0x000000008b900000|  0%| F|  |TAMS 0x000000008b800000, 0x000000008b800000| Untracked 
|  37|0x000000008b900000, 0x000000008b900000, 0x000000008ba00000|  0%| F|  |TAMS 0x000000008b900000, 0x000000008b900000| Untracked 
|  38|0x000000008ba00000, 0x000000008ba00000, 0x000000008bb00000|  0%| F|  |TAMS 0x000000008ba00000, 0x000000008ba00000| Untracked 
|  39|0x000000008bb00000, 0x000000008bb00000, 0x000000008bc00000|  0%| F|  |TAMS 0x000000008bb00000, 0x000000008bb00000| Untracked 
|  40|0x000000008bc00000, 0x000000008bc00000, 0x000000008bd00000|  0%| F|  |TAMS 0x000000008bc00000, 0x000000008bc00000| Untracked 
|  41|0x000000008bd00000, 0x000000008bd00000, 0x000000008be00000|  0%| F|  |TAMS 0x000000008bd00000, 0x000000008bd00000| Untracked 
|  42|0x000000008be00000, 0x000000008be00000, 0x000000008bf00000|  0%| F|  |TAMS 0x000000008be00000, 0x000000008be00000| Untracked 
|  43|0x000000008bf00000, 0x000000008bf00000, 0x000000008c000000|  0%| F|  |TAMS 0x000000008bf00000, 0x000000008bf00000| Untracked 
|  44|0x000000008c000000, 0x000000008c000000, 0x000000008c100000|  0%| F|  |TAMS 0x000000008c000000, 0x000000008c000000| Untracked 
|  45|0x000000008c100000, 0x000000008c100000, 0x000000008c200000|  0%| F|  |TAMS 0x000000008c100000, 0x000000008c100000| Untracked 
|  46|0x000000008c200000, 0x000000008c200000, 0x000000008c300000|  0%| F|  |TAMS 0x000000008c200000, 0x000000008c200000| Untracked 
|  47|0x000000008c300000, 0x000000008c300000, 0x000000008c400000|  0%| F|  |TAMS 0x000000008c300000, 0x000000008c300000| Untracked 
|  48|0x000000008c400000, 0x000000008c400000, 0x000000008c500000|  0%| F|  |TAMS 0x000000008c400000, 0x000000008c400000| Untracked 
|  49|0x000000008c500000, 0x000000008c500000, 0x000000008c600000|  0%| F|  |TAMS 0x000000008c500000, 0x000000008c500000| Untracked 
|  50|0x000000008c600000, 0x000000008c600000, 0x000000008c700000|  0%| F|  |TAMS 0x000000008c600000, 0x000000008c600000| Untracked 
|  51|0x000000008c700000, 0x000000008c700000, 0x000000008c800000|  0%| F|  |TAMS 0x000000008c700000, 0x000000008c700000| Untracked 
|  52|0x000000008c800000, 0x000000008c800000, 0x000000008c900000|  0%| F|  |TAMS 0x000000008c800000, 0x000000008c800000| Untracked 
|  53|0x000000008c900000, 0x000000008c900000, 0x000000008ca00000|  0%| F|  |TAMS 0x000000008c900000, 0x000000008c900000| Untracked 
|  54|0x000000008ca00000, 0x000000008ca00000, 0x000000008cb00000|  0%| F|  |TAMS 0x000000008ca00000, 0x000000008ca00000| Untracked 
|  55|0x000000008cb00000, 0x000000008cb00000, 0x000000008cc00000|  0%| F|  |TAMS 0x000000008cb00000, 0x000000008cb00000| Untracked 
|  56|0x000000008cc00000, 0x000000008cc00000, 0x000000008cd00000|  0%| F|  |TAMS 0x000000008cc00000, 0x000000008cc00000| Untracked 
|  57|0x000000008cd00000, 0x000000008cd00000, 0x000000008ce00000|  0%| F|  |TAMS 0x000000008cd00000, 0x000000008cd00000| Untracked 
|  58|0x000000008ce00000, 0x000000008ce00000, 0x000000008cf00000|  0%| F|  |TAMS 0x000000008ce00000, 0x000000008ce00000| Untracked 
|  59|0x000000008cf00000, 0x000000008cf00000, 0x000000008d000000|  0%| F|  |TAMS 0x000000008cf00000, 0x000000008cf00000| Untracked 
|  60|0x000000008d000000, 0x000000008d000000, 0x000000008d100000|  0%| F|  |TAMS 0x000000008d000000, 0x000000008d000000| Untracked 
|  61|0x000000008d100000, 0x000000008d100000, 0x000000008d200000|  0%| F|  |TAMS 0x000000008d100000, 0x000000008d100000| Untracked 
|  62|0x000000008d200000, 0x000000008d200000, 0x000000008d300000|  0%| F|  |TAMS 0x000000008d200000, 0x000000008d200000| Untracked 
|  63|0x000000008d300000, 0x000000008d300000, 0x000000008d400000|  0%| F|  |TAMS 0x000000008d300000, 0x000000008d300000| Untracked 
|  64|0x000000008d400000, 0x000000008d400000, 0x000000008d500000|  0%| F|  |TAMS 0x000000008d400000, 0x000000008d400000| Untracked 
|  65|0x000000008d500000, 0x000000008d500000, 0x000000008d600000|  0%| F|  |TAMS 0x000000008d500000, 0x000000008d500000| Untracked 
|  66|0x000000008d600000, 0x000000008d600000, 0x000000008d700000|  0%| F|  |TAMS 0x000000008d600000, 0x000000008d600000| Untracked 
|  67|0x000000008d700000, 0x000000008d700000, 0x000000008d800000|  0%| F|  |TAMS 0x000000008d700000, 0x000000008d700000| Untracked 
|  68|0x000000008d800000, 0x000000008d800000, 0x000000008d900000|  0%| F|  |TAMS 0x000000008d800000, 0x000000008d800000| Untracked 
|  69|0x000000008d900000, 0x000000008d900000, 0x000000008da00000|  0%| F|  |TAMS 0x000000008d900000, 0x000000008d900000| Untracked 
|  70|0x000000008da00000, 0x000000008da00000, 0x000000008db00000|  0%| F|  |TAMS 0x000000008da00000, 0x000000008da00000| Untracked 
|  71|0x000000008db00000, 0x000000008db00000, 0x000000008dc00000|  0%| F|  |TAMS 0x000000008db00000, 0x000000008db00000| Untracked 
|  72|0x000000008dc00000, 0x000000008dc00000, 0x000000008dd00000|  0%| F|  |TAMS 0x000000008dc00000, 0x000000008dc00000| Untracked 
|  73|0x000000008dd00000, 0x000000008dd00000, 0x000000008de00000|  0%| F|  |TAMS 0x000000008dd00000, 0x000000008dd00000| Untracked 
|  74|0x000000008de00000, 0x000000008de00000, 0x000000008df00000|  0%| F|  |TAMS 0x000000008de00000, 0x000000008de00000| Untracked 
|  75|0x000000008df00000, 0x000000008df00000, 0x000000008e000000|  0%| F|  |TAMS 0x000000008df00000, 0x000000008df00000| Untracked 
|  76|0x000000008e000000, 0x000000008e000000, 0x000000008e100000|  0%| F|  |TAMS 0x000000008e000000, 0x000000008e000000| Untracked 
|  77|0x000000008e100000, 0x000000008e100000, 0x000000008e200000|  0%| F|  |TAMS 0x000000008e100000, 0x000000008e100000| Untracked 
|  78|0x000000008e200000, 0x000000008e200000, 0x000000008e300000|  0%| F|  |TAMS 0x000000008e200000, 0x000000008e200000| Untracked 
|  79|0x000000008e300000, 0x000000008e300000, 0x000000008e400000|  0%| F|  |TAMS 0x000000008e300000, 0x000000008e300000| Untracked 
|  80|0x000000008e400000, 0x000000008e400000, 0x000000008e500000|  0%| F|  |TAMS 0x000000008e400000, 0x000000008e400000| Untracked 
|  81|0x000000008e500000, 0x000000008e500000, 0x000000008e600000|  0%| F|  |TAMS 0x000000008e500000, 0x000000008e500000| Untracked 
|  82|0x000000008e600000, 0x000000008e600000, 0x000000008e700000|  0%| F|  |TAMS 0x000000008e600000, 0x000000008e600000| Untracked 
|  83|0x000000008e700000, 0x000000008e700000, 0x000000008e800000|  0%| F|  |TAMS 0x000000008e700000, 0x000000008e700000| Untracked 
|  84|0x000000008e800000, 0x000000008e800000, 0x000000008e900000|  0%| F|  |TAMS 0x000000008e800000, 0x000000008e800000| Untracked 
|  85|0x000000008e900000, 0x000000008e900000, 0x000000008ea00000|  0%| F|  |TAMS 0x000000008e900000, 0x000000008e900000| Untracked 
|  86|0x000000008ea00000, 0x000000008ea00000, 0x000000008eb00000|  0%| F|  |TAMS 0x000000008ea00000, 0x000000008ea00000| Untracked 
|  87|0x000000008eb00000, 0x000000008eb00000, 0x000000008ec00000|  0%| F|  |TAMS 0x000000008eb00000, 0x000000008eb00000| Untracked 
|  88|0x000000008ec00000, 0x000000008ec00000, 0x000000008ed00000|  0%| F|  |TAMS 0x000000008ec00000, 0x000000008ec00000| Untracked 
|  89|0x000000008ed00000, 0x000000008ed00000, 0x000000008ee00000|  0%| F|  |TAMS 0x000000008ed00000, 0x000000008ed00000| Untracked 
|  90|0x000000008ee00000, 0x000000008ee00000, 0x000000008ef00000|  0%| F|  |TAMS 0x000000008ee00000, 0x000000008ee00000| Untracked 
|  91|0x000000008ef00000, 0x000000008ef00000, 0x000000008f000000|  0%| F|  |TAMS 0x000000008ef00000, 0x000000008ef00000| Untracked 
|  92|0x000000008f000000, 0x000000008f000000, 0x000000008f100000|  0%| F|  |TAMS 0x000000008f000000, 0x000000008f000000| Untracked 
|  93|0x000000008f100000, 0x000000008f100000, 0x000000008f200000|  0%| F|  |TAMS 0x000000008f100000, 0x000000008f100000| Untracked 
|  94|0x000000008f200000, 0x000000008f200000, 0x000000008f300000|  0%| F|  |TAMS 0x000000008f200000, 0x000000008f200000| Untracked 
|  95|0x000000008f300000, 0x000000008f300000, 0x000000008f400000|  0%| F|  |TAMS 0x000000008f300000, 0x000000008f300000| Untracked 
|  96|0x000000008f400000, 0x000000008f400000, 0x000000008f500000|  0%| F|  |TAMS 0x000000008f400000, 0x000000008f400000| Untracked 
|  97|0x000000008f500000, 0x000000008f500000, 0x000000008f600000|  0%| F|  |TAMS 0x000000008f500000, 0x000000008f500000| Untracked 
|  98|0x000000008f600000, 0x000000008f600000, 0x000000008f700000|  0%| F|  |TAMS 0x000000008f600000, 0x000000008f600000| Untracked 
|  99|0x000000008f700000, 0x000000008f700000, 0x000000008f800000|  0%| F|  |TAMS 0x000000008f700000, 0x000000008f700000| Untracked 
| 100|0x000000008f800000, 0x000000008f800000, 0x000000008f900000|  0%| F|  |TAMS 0x000000008f800000, 0x000000008f800000| Untracked 
| 101|0x000000008f900000, 0x000000008f900000, 0x000000008fa00000|  0%| F|  |TAMS 0x000000008f900000, 0x000000008f900000| Untracked 
| 102|0x000000008fa00000, 0x000000008fa00000, 0x000000008fb00000|  0%| F|  |TAMS 0x000000008fa00000, 0x000000008fa00000| Untracked 
| 103|0x000000008fb00000, 0x000000008fb88ae0, 0x000000008fc00000| 53%| E|  |TAMS 0x000000008fb00000, 0x000000008fb00000| Complete 
| 104|0x000000008fc00000, 0x000000008fd00000, 0x000000008fd00000|100%| E|  |TAMS 0x000000008fc00000, 0x000000008fc00000| Complete 
| 105|0x000000008fd00000, 0x000000008fe00000, 0x000000008fe00000|100%| E|CS|TAMS 0x000000008fd00000, 0x000000008fd00000| Complete 
| 106|0x000000008fe00000, 0x000000008ff00000, 0x000000008ff00000|100%| E|CS|TAMS 0x000000008fe00000, 0x000000008fe00000| Complete 
| 107|0x000000008ff00000, 0x0000000090000000, 0x0000000090000000|100%| E|CS|TAMS 0x000000008ff00000, 0x000000008ff00000| Complete 
| 108|0x0000000090000000, 0x0000000090100000, 0x0000000090100000|100%| E|CS|TAMS 0x0000000090000000, 0x0000000090000000| Complete 
| 109|0x0000000090100000, 0x0000000090200000, 0x0000000090200000|100%| E|CS|TAMS 0x0000000090100000, 0x0000000090100000| Complete 
| 110|0x0000000090200000, 0x0000000090300000, 0x0000000090300000|100%| E|CS|TAMS 0x0000000090200000, 0x0000000090200000| Complete 
| 111|0x0000000090300000, 0x0000000090400000, 0x0000000090400000|100%| E|CS|TAMS 0x0000000090300000, 0x0000000090300000| Complete 
| 112|0x0000000090400000, 0x0000000090500000, 0x0000000090500000|100%| E|CS|TAMS 0x0000000090400000, 0x0000000090400000| Complete 
| 113|0x0000000090500000, 0x0000000090600000, 0x0000000090600000|100%| E|CS|TAMS 0x0000000090500000, 0x0000000090500000| Complete 
| 114|0x0000000090600000, 0x0000000090700000, 0x0000000090700000|100%| E|CS|TAMS 0x0000000090600000, 0x0000000090600000| Complete 
| 115|0x0000000090700000, 0x0000000090800000, 0x0000000090800000|100%| E|CS|TAMS 0x0000000090700000, 0x0000000090700000| Complete 
| 116|0x0000000090800000, 0x0000000090900000, 0x0000000090900000|100%| E|CS|TAMS 0x0000000090800000, 0x0000000090800000| Complete 
| 117|0x0000000090900000, 0x0000000090a00000, 0x0000000090a00000|100%| E|CS|TAMS 0x0000000090900000, 0x0000000090900000| Complete 
| 118|0x0000000090a00000, 0x0000000090b00000, 0x0000000090b00000|100%| E|CS|TAMS 0x0000000090a00000, 0x0000000090a00000| Complete 
| 119|0x0000000090b00000, 0x0000000090c00000, 0x0000000090c00000|100%| E|CS|TAMS 0x0000000090b00000, 0x0000000090b00000| Complete 

Card table byte_map: [0x000001dc3ddd0000,0x000001dc3e190000] _byte_map_base: 0x000001dc3d986000

Marking Bits (Prev, Next): (CMBitMap*) 0x000001dc24b3a930, (CMBitMap*) 0x000001dc24b3a970
 Prev Bits: [0x000001dc3e550000, 0x000001dc40300000)
 Next Bits: [0x000001dc40300000, 0x000001dc420b0000)

Polling page: 0x000001dc24bc0000

Metaspace:

Usage:
  Non-class:      4.91 MB used.
      Class:    306.02 KB used.
       Both:      5.21 MB used.

Virtual space:
  Non-class space:        8.00 MB reserved,       5.00 MB ( 62%) committed,  1 nodes.
      Class space:        1.00 GB reserved,     384.00 KB ( <1%) committed,  1 nodes.
              Both:        1.01 GB reserved,       5.38 MB ( <1%) committed. 

Chunk freelists:
   Non-Class:  928.00 KB
       Class:  3.56 MB
        Both:  4.47 MB

MaxMetaspaceSize: 17179869184.00 GB
CompressedClassSpaceSize: 1.00 GB
 - commit_granule_bytes: 65536.
 - commit_granule_words: 8192.
 - virtual_space_node_default_size: 1048576.
 - enlarge_chunks_in_place: 1.
 - new_chunks_are_fully_committed: 0.
 - uncommit_free_chunks: 1.
 - use_allocation_guard: 0.
 - handle_deallocations: 1.


Internal statistics:

num_allocs_failed_limit: 0.
num_arena_births: 42.
num_arena_deaths: 0.
num_vsnodes_births: 2.
num_vsnodes_deaths: 0.
num_space_committed: 84.
num_space_uncommitted: 0.
num_chunks_returned_to_freelist: 0.
num_chunks_taken_from_freelist: 168.
num_chunk_merges: 0.
num_chunk_splits: 126.
num_chunks_enlarged: 102.
num_purges: 0.

CodeHeap 'non-profiled nmethods': size=119168Kb used=324Kb max_used=324Kb free=118843Kb
 bounds [0x000001dc355f0000, 0x000001dc35860000, 0x000001dc3ca50000]
CodeHeap 'profiled nmethods': size=119104Kb used=1881Kb max_used=1881Kb free=117222Kb
 bounds [0x000001dc2e1a0000, 0x000001dc2e410000, 0x000001dc355f0000]
CodeHeap 'non-nmethods': size=7488Kb used=3332Kb max_used=3350Kb free=4155Kb
 bounds [0x000001dc2da50000, 0x000001dc2dda0000, 0x000001dc2e1a0000]
 total_blobs=2110 nmethods=1023 adapters=997
 compilation: enabled
              stopped_count=0, restarted_count=0
 full_count=0

Compilation events (20 events):
Event: 0.753 Thread 0x000001dc4643bca0 1015   !   3       sun.nio.ch.FileChannelImpl::write (266 bytes)
Event: 0.754 Thread 0x000001dc46634370 nmethod 1014 0x000001dc2e36f790 code [0x000001dc2e36f960, 0x000001dc2e36fd98]
Event: 0.754 Thread 0x000001dc46634370 1016   !   3       sun.nio.ch.IOUtil::write (174 bytes)
Event: 0.754 Thread 0x000001dc450e64f0 nmethod 1012 0x000001dc2e36ff10 code [0x000001dc2e370140, 0x000001dc2e3709e8]
Event: 0.754 Thread 0x000001dc450e64f0 1017       3       java.nio.DirectByteBuffer::put (8 bytes)
Event: 0.754 Thread 0x000001dc45ca00f0 nmethod 1013 0x000001dc2e370c10 code [0x000001dc2e370ea0, 0x000001dc2e371ca8]
Event: 0.754 Thread 0x000001dc45ca00f0 1018       3       sun.nio.ch.IOUtil::writeFromNativeBuffer (157 bytes)
Event: 0.754 Thread 0x000001dc450dd9f0 nmethod 1011 0x000001dc3563eb90 code [0x000001dc3563ed20, 0x000001dc3563edf8]
Event: 0.754 Thread 0x000001dc450e64f0 nmethod 1017 0x000001dc2e372210 code [0x000001dc2e3723c0, 0x000001dc2e372508]
Event: 0.754 Thread 0x000001dc450e64f0 1019       3       sun.nio.ch.FileDispatcherImpl::write (17 bytes)
Event: 0.754 Thread 0x000001dc450e64f0 nmethod 1019 0x000001dc2e372590 code [0x000001dc2e372740, 0x000001dc2e372908]
Event: 0.754 Thread 0x000001dc46634370 nmethod 1016 0x000001dc2e372a10 code [0x000001dc2e372c80, 0x000001dc2e373568]
Event: 0.754 Thread 0x000001dc4643bca0 nmethod 1015 0x000001dc2e373910 code [0x000001dc2e373c20, 0x000001dc2e374c08]
Event: 0.754 Thread 0x000001dc45ca00f0 nmethod 1018 0x000001dc2e375410 code [0x000001dc2e375660, 0x000001dc2e376048]
Event: 0.761 Thread 0x000001dc4f134a30 1021       4       java.nio.ByteBuffer::position (8 bytes)
Event: 0.762 Thread 0x000001dc4f134a30 nmethod 1021 0x000001dc3563ef10 code [0x000001dc3563f0a0, 0x000001dc3563f178]
Event: 0.777 Thread 0x000001dc4f134a30 1022       4       jdk.internal.util.jar.JarIndex::get (49 bytes)
Event: 0.777 Thread 0x000001dc450dd9f0 1023   !   4       jdk.internal.loader.URLClassPath$JarLoader::getResource (354 bytes)
Event: 0.781 Thread 0x000001dc45ca00f0 1024       3       java.util.zip.ZipFile$ZipFileInflaterInputStream::<init> (14 bytes)
Event: 0.782 Thread 0x000001dc45ca00f0 nmethod 1024 0x000001dc2e376310 code [0x000001dc2e3764c0, 0x000001dc2e376658]

GC Heap History (0 events):
No events

Deoptimization events (20 events):
Event: 0.169 Thread 0x000001dc24af6d40 Uncommon trap: trap_request=0xffffff45 fr.pc=0x000001dc355f1114 relative=0x0000000000000074
Event: 0.169 Thread 0x000001dc24af6d40 Uncommon trap: reason=unstable_if action=reinterpret pc=0x000001dc355f1114 method=java.lang.String.isLatin1()Z @ 10 c2
Event: 0.169 Thread 0x000001dc24af6d40 DEOPT PACKING pc=0x000001dc355f1114 sp=0x00000074637fed00
Event: 0.169 Thread 0x000001dc24af6d40 DEOPT UNPACKING pc=0x000001dc2da9d72e sp=0x00000074637fec40 mode 2
Event: 0.246 Thread 0x000001dc24af6d40 DEOPT PACKING pc=0x000001dc2e1adee5 sp=0x00000074637fdda0
Event: 0.246 Thread 0x000001dc24af6d40 DEOPT UNPACKING pc=0x000001dc2da9dece sp=0x00000074637fd1f0 mode 0
Event: 0.349 Thread 0x000001dc24af6d40 Uncommon trap: trap_request=0xffffffde fr.pc=0x000001dc3561fe5c relative=0x000000000000041c
Event: 0.349 Thread 0x000001dc24af6d40 Uncommon trap: reason=class_check action=maybe_recompile pc=0x000001dc3561fe5c method=java.util.HashMap.getNode(Ljava/lang/Object;)Ljava/util/HashMap$Node; @ 128 c2
Event: 0.349 Thread 0x000001dc24af6d40 DEOPT PACKING pc=0x000001dc3561fe5c sp=0x00000074637fbaf0
Event: 0.349 Thread 0x000001dc24af6d40 DEOPT UNPACKING pc=0x000001dc2da9d72e sp=0x00000074637fba68 mode 2
Event: 0.354 Thread 0x000001dc24af6d40 Uncommon trap: trap_request=0xffffffde fr.pc=0x000001dc3561fe5c relative=0x000000000000041c
Event: 0.354 Thread 0x000001dc24af6d40 Uncommon trap: reason=class_check action=maybe_recompile pc=0x000001dc3561fe5c method=java.util.HashMap.getNode(Ljava/lang/Object;)Ljava/util/HashMap$Node; @ 128 c2
Event: 0.354 Thread 0x000001dc24af6d40 DEOPT PACKING pc=0x000001dc3561fe5c sp=0x00000074637fba80
Event: 0.354 Thread 0x000001dc24af6d40 DEOPT UNPACKING pc=0x000001dc2da9d72e sp=0x00000074637fb9f8 mode 2
Event: 0.644 Thread 0x000001dc24af6d40 DEOPT PACKING pc=0x000001dc2e1ae53e sp=0x00000074637fdd10
Event: 0.644 Thread 0x000001dc24af6d40 DEOPT UNPACKING pc=0x000001dc2da9dece sp=0x00000074637fd188 mode 0
Event: 0.768 Thread 0x000001dc24af6d40 Uncommon trap: trap_request=0xffffff45 fr.pc=0x000001dc3563da30 relative=0x0000000000001170
Event: 0.768 Thread 0x000001dc24af6d40 Uncommon trap: reason=unstable_if action=reinterpret pc=0x000001dc3563da30 method=java.util.LinkedHashMap.linkNodeLast(Ljava/util/LinkedHashMap$Entry;)V @ 11 c2
Event: 0.768 Thread 0x000001dc24af6d40 DEOPT PACKING pc=0x000001dc3563da30 sp=0x00000074637fe2e0
Event: 0.768 Thread 0x000001dc24af6d40 DEOPT UNPACKING pc=0x000001dc2da9d72e sp=0x00000074637fe120 mode 2

Classes unloaded (0 events):
No events

Classes redefined (0 events):
No events

Internal exceptions (10 events):
Event: 0.170 Thread 0x000001dc45ea7f80 Exception <a 'java/lang/NoSuchMethodError'{0x0000000090694c10}: 'java.lang.Object java.lang.invoke.DirectMethodHandle$Holder.invokeStatic(java.lang.Object)'> (0x0000000090694c10) 
thrown [t:\workspace\open\src\hotspot\share\interpreter\linkResolver.cpp, line 790]
Event: 0.171 Thread 0x000001dc45ea7f80 Exception <a 'java/lang/NoSuchMethodError'{0x0000000090698520}: 'java.lang.Object java.lang.invoke.DirectMethodHandle$Holder.invokeStaticInit(java.lang.Object)'> (0x0000000090698520) 
thrown [t:\workspace\open\src\hotspot\share\interpreter\linkResolver.cpp, line 790]
Event: 0.176 Thread 0x000001dc45ea7f80 Exception <a 'java/lang/NoSuchMethodError'{0x00000000906a6168}: 'void java.lang.invoke.DirectMethodHandle$Holder.invokeStatic(java.lang.Object, java.lang.Object)'> (0x00000000906a6168) 
thrown [t:\workspace\open\src\hotspot\share\interpreter\linkResolver.cpp, line 790]
Event: 0.195 Thread 0x000001dc24af6d40 Exception <a 'java/lang/NoSuchMethodError'{0x000000009055f378}: 'void java.lang.invoke.DirectMethodHandle$Holder.invokeSpecial(java.lang.Object, java.lang.Object, java.lang.Object)'> (0x000000009055f378) 
thrown [t:\workspace\open\src\hotspot\share\interpreter\linkResolver.cpp, line 790]
Event: 0.198 Thread 0x000001dc24af6d40 Exception <a 'java/lang/NoSuchMethodError'{0x0000000090573a38}: 'java.lang.Object java.lang.invoke.DirectMethodHandle$Holder.invokeStatic(java.lang.Object, java.lang.Object, int)'> (0x0000000090573a38) 
thrown [t:\workspace\open\src\hotspot\share\interpreter\linkResolver.cpp, line 790]
Event: 0.199 Thread 0x000001dc24af6d40 Exception <a 'java/lang/NoSuchMethodError'{0x000000009057fe28}: 'void java.lang.invoke.DelegatingMethodHandle$Holder.delegate(java.lang.Object, java.lang.Object, int, java.lang.Object)'> (0x000000009057fe28) 
thrown [t:\workspace\open\src\hotspot\share\interpreter\linkResolver.cpp, line 790]
Event: 0.199 Thread 0x000001dc24af6d40 Exception <a 'java/lang/NoSuchMethodError'{0x0000000090583f78}: 'int java.lang.invoke.DirectMethodHandle$Holder.invokeSpecial(java.lang.Object, java.lang.Object, java.lang.Object)'> (0x0000000090583f78) 
thrown [t:\workspace\open\src\hotspot\share\interpreter\linkResolver.cpp, line 790]
Event: 0.590 Thread 0x000001dc24af6d40 Exception <a 'sun/nio/fs/WindowsException'{0x000000009019ed10}> (0x000000009019ed10) 
thrown [t:\workspace\open\src\hotspot\share\prims\jni.cpp, line 579]
Event: 0.590 Thread 0x000001dc24af6d40 Exception <a 'sun/nio/fs/WindowsException'{0x000000009019f1f8}> (0x000000009019f1f8) 
thrown [t:\workspace\open\src\hotspot\share\prims\jni.cpp, line 579]
Event: 0.731 Thread 0x000001dc24af6d40 Exception <a 'sun/nio/fs/WindowsException'{0x000000008fb13a18}> (0x000000008fb13a18) 
thrown [t:\workspace\open\src\hotspot\share\prims\jni.cpp, line 579]

Events (20 events):
Event: 0.590 loading class java/nio/file/FileSystemException done
Event: 0.590 Executing  VM operation: HandshakeAllThreads
Event: 0.590 Executing  VM operation: HandshakeAllThreads done
Event: 0.590 loading class java/nio/file/NoSuchFileException done
Event: 0.592 Executing  VM operation: ICBufferFull
Event: 0.592 Executing  VM operation: ICBufferFull done
Event: 0.710 Thread 0x000001dc4f134a30 Thread added: 0x000001dc4f134a30
Event: 0.713 loading class jdk/internal/reflect/UnsafeQualifiedLongFieldAccessorImpl
Event: 0.713 loading class jdk/internal/reflect/UnsafeQualifiedFieldAccessorImpl
Event: 0.713 loading class jdk/internal/reflect/UnsafeQualifiedFieldAccessorImpl done
Event: 0.713 loading class jdk/internal/reflect/UnsafeQualifiedLongFieldAccessorImpl done
Event: 0.727 loading class java/io/UncheckedIOException
Event: 0.727 loading class java/io/UncheckedIOException done
Event: 0.731 loading class java/nio/file/StandardCopyOption
Event: 0.731 loading class java/nio/file/StandardCopyOption done
Event: 0.767 loading class java/io/DeleteOnExitHook
Event: 0.767 loading class java/io/DeleteOnExitHook done
Event: 0.767 loading class java/io/DeleteOnExitHook$1
Event: 0.768 loading class java/io/DeleteOnExitHook$1 done
Event: 0.774 Loaded shared library C:\Users\ajayk\AppData\Local\Temp\imgui-java-natives_1628085180531\imgui-java64.dll


Dynamic libraries:
0x00007ff73a850000 - 0x00007ff73a860000 	C:\Program Files\Java\jdk-16.0.1\bin\java.exe
0x00007ff9ced50000 - 0x00007ff9cef45000 	C:\Windows\SYSTEM32\ntdll.dll
0x00007ff9cec20000 - 0x00007ff9cecdd000 	C:\Windows\System32\KERNEL32.DLL
0x00007ff9cc860000 - 0x00007ff9ccb29000 	C:\Windows\System32\KERNELBASE.dll
0x00007ff9ccb90000 - 0x00007ff9ccc90000 	C:\Windows\System32\ucrtbase.dll
0x00007ff9c6aa0000 - 0x00007ff9c6ab9000 	C:\Program Files\Java\jdk-16.0.1\bin\VCRUNTIME140.dll
0x00007ff9c57a0000 - 0x00007ff9c57b8000 	C:\Program Files\Java\jdk-16.0.1\bin\jli.dll
0x00007ff9cdd20000 - 0x00007ff9cddcc000 	C:\Windows\System32\ADVAPI32.dll
0x00007ff9ce3c0000 - 0x00007ff9ce45e000 	C:\Windows\System32\msvcrt.dll
0x00007ff9cdc80000 - 0x00007ff9cdd1b000 	C:\Windows\System32\sechost.dll
0x00007ff9ce0b0000 - 0x00007ff9ce1da000 	C:\Windows\System32\RPCRT4.dll
0x00007ff9cde50000 - 0x00007ff9cdff0000 	C:\Windows\System32\USER32.dll
0x00007ff9bdb80000 - 0x00007ff9bde1a000 	C:\Windows\WinSxS\amd64_microsoft.windows.common-controls_6595b64144ccf1df_6.0.19041.1110_none_60b5254171f9507e\COMCTL32.dll
0x00007ff9cc790000 - 0x00007ff9cc7b2000 	C:\Windows\System32\win32u.dll
0x00007ff9ce1e0000 - 0x00007ff9ce20a000 	C:\Windows\System32\GDI32.dll
0x00007ff9cc680000 - 0x00007ff9cc78b000 	C:\Windows\System32\gdi32full.dll
0x00007ff9cc7c0000 - 0x00007ff9cc85d000 	C:\Windows\System32\msvcp_win.dll
0x00007ff9c5cb0000 - 0x00007ff9c5cba000 	C:\Windows\SYSTEM32\VERSION.dll
0x00007ff9cece0000 - 0x00007ff9ced10000 	C:\Windows\System32\IMM32.DLL
0x00007ff9c6a70000 - 0x00007ff9c6a7c000 	C:\Program Files\Java\jdk-16.0.1\bin\vcruntime140_1.dll
0x00007ff9c5700000 - 0x00007ff9c5791000 	C:\Program Files\Java\jdk-16.0.1\bin\msvcp140.dll
0x00007ff965e70000 - 0x00007ff966a1b000 	C:\Program Files\Java\jdk-16.0.1\bin\server\jvm.dll
0x00007ff9ce0a0000 - 0x00007ff9ce0a8000 	C:\Windows\System32\PSAPI.DLL
0x00007ff9ba320000 - 0x00007ff9ba329000 	C:\Windows\SYSTEM32\WSOCK32.dll
0x00007ff9c2730000 - 0x00007ff9c2757000 	C:\Windows\SYSTEM32\WINMM.dll
0x00007ff9ce470000 - 0x00007ff9ce4db000 	C:\Windows\System32\WS2_32.dll
0x00007ff9ca3c0000 - 0x00007ff9ca3d2000 	C:\Windows\SYSTEM32\kernel.appcore.dll
0x00007ff9c56f0000 - 0x00007ff9c56fa000 	C:\Program Files\Java\jdk-16.0.1\bin\jimage.dll
0x00007ff9c2b10000 - 0x00007ff9c2cf4000 	C:\Windows\SYSTEM32\DBGHELP.DLL
0x00007ff9b9fc0000 - 0x00007ff9b9fec000 	C:\Windows\SYSTEM32\dbgcore.DLL
0x00007ff9cc490000 - 0x00007ff9cc513000 	C:\Windows\System32\bcryptPrimitives.dll
0x00007ff9c56b0000 - 0x00007ff9c56be000 	C:\Program Files\Java\jdk-16.0.1\bin\instrument.dll
0x00007ff9c56c0000 - 0x00007ff9c56e5000 	C:\Program Files\Java\jdk-16.0.1\bin\java.dll
0x00007ff9ce4e0000 - 0x00007ff9cec1f000 	C:\Windows\System32\SHELL32.dll
0x00007ff9ca5c0000 - 0x00007ff9cad51000 	C:\Windows\SYSTEM32\windows.storage.dll
0x00007ff9cd350000 - 0x00007ff9cd6a5000 	C:\Windows\System32\combase.dll
0x00007ff9cbe90000 - 0x00007ff9cbebc000 	C:\Windows\SYSTEM32\Wldp.dll
0x00007ff9cd710000 - 0x00007ff9cd7be000 	C:\Windows\System32\SHCORE.dll
0x00007ff9cd6b0000 - 0x00007ff9cd705000 	C:\Windows\System32\shlwapi.dll
0x00007ff9cc3d0000 - 0x00007ff9cc3ef000 	C:\Windows\SYSTEM32\profapi.dll
0x00007ff9b6060000 - 0x00007ff9b6078000 	C:\Program Files\Java\jdk-16.0.1\bin\zip.dll
0x00007ff9c5690000 - 0x00007ff9c56a9000 	C:\Program Files\Java\jdk-16.0.1\bin\net.dll
0x00007ff9bef10000 - 0x00007ff9bf01a000 	C:\Windows\SYSTEM32\WINHTTP.dll
0x00007ff9cbbf0000 - 0x00007ff9cbc5a000 	C:\Windows\system32\mswsock.dll
0x00007ff9c5670000 - 0x00007ff9c5683000 	C:\Program Files\Java\jdk-16.0.1\bin\nio.dll
0x00007ff9b3760000 - 0x00007ff9b377a000 	C:\Program Files\JetBrains\IntelliJ IDEA Community Edition 2021.1.3\bin\breakgen64.dll
0x00007ff9b3700000 - 0x00007ff9b3757000 	C:\Users\ajayk\AppData\Local\Temp\lwjglajayk\3.1.2-build-29\lwjgl.dll
0x00007ff9b36c0000 - 0x00007ff9b36fd000 	C:\Users\ajayk\AppData\Local\Temp\lwjglajayk\3.1.2-build-29\glfw.dll
0x00007ff9c9f00000 - 0x00007ff9c9f9e000 	C:\Windows\system32\uxtheme.dll
0x00007ff9b2370000 - 0x00007ff9b23b5000 	C:\Windows\SYSTEM32\dinput8.dll
0x00007ff9b3680000 - 0x00007ff9b3691000 	C:\Windows\SYSTEM32\xinput1_4.dll
0x00007ff9ccc90000 - 0x00007ff9cccde000 	C:\Windows\System32\cfgmgr32.dll
0x00007ff9cc1d0000 - 0x00007ff9cc1fc000 	C:\Windows\SYSTEM32\DEVOBJ.dll
0x00007ff9ca0d0000 - 0x00007ff9ca0ff000 	C:\Windows\SYSTEM32\dwmapi.dll
0x00007ff9b6bc0000 - 0x00007ff9b6d12000 	C:\Windows\SYSTEM32\inputhost.dll
0x00007ff9cd8d0000 - 0x00007ff9cd99d000 	C:\Windows\System32\OLEAUT32.dll
0x00007ff9c8090000 - 0x00007ff9c8186000 	C:\Windows\SYSTEM32\PROPSYS.dll
0x00007ff9c9b10000 - 0x00007ff9c9c02000 	C:\Windows\SYSTEM32\CoreMessaging.dll
0x00007ff9c8350000 - 0x00007ff9c84a4000 	C:\Windows\SYSTEM32\wintypes.dll
0x00007ff9c96d0000 - 0x00007ff9c9a2e000 	C:\Windows\SYSTEM32\CoreUIComponents.dll
0x00007ff9cb1c0000 - 0x00007ff9cb1f3000 	C:\Windows\SYSTEM32\ntmarta.dll
0x00007ff9cd230000 - 0x00007ff9cd345000 	C:\Windows\System32\MSCTF.dll
0x00007ff9cad60000 - 0x00007ff9cad6d000 	C:\Windows\SYSTEM32\HID.DLL
0x00007ff9ccdc0000 - 0x00007ff9cd229000 	C:\Windows\System32\SETUPAPI.DLL
0x00007ff9ccce0000 - 0x00007ff9ccd07000 	C:\Windows\System32\bcrypt.dll
0x00007ff9ccb30000 - 0x00007ff9ccb90000 	C:\Windows\System32\WINTRUST.dll
0x00007ff9cc520000 - 0x00007ff9cc67f000 	C:\Windows\System32\CRYPT32.dll
0x00007ff9cc010000 - 0x00007ff9cc022000 	C:\Windows\SYSTEM32\MSASN1.dll
0x00007ff9afce0000 - 0x00007ff9afd1c000 	C:\Users\ajayk\AppData\Local\Temp\lwjglajayk\3.1.2-build-29\jemalloc.dll
0x00007ff992580000 - 0x00007ff9926a5000 	C:\Windows\SYSTEM32\opengl32.dll
0x00007ff9aed80000 - 0x00007ff9aedac000 	C:\Windows\SYSTEM32\GLU32.dll
0x00007ff9cdff0000 - 0x00007ff9ce099000 	C:\Windows\System32\clbcatq.dll
0x00007ff9c6bb0000 - 0x00007ff9c6bda000 	C:\Windows\System32\DriverStore\FileRepository\u0362957.inf_amd64_47170f5efa6cd04e\B362672\atig6pxx.dll
0x00007ff94dec0000 - 0x00007ff950ba7000 	C:\Windows\System32\DriverStore\FileRepository\u0362957.inf_amd64_47170f5efa6cd04e\B362672\atio6axx.dll
0x00007ff9cd9a0000 - 0x00007ff9cdaca000 	C:\Windows\System32\ole32.dll
0x00007ff9aeae0000 - 0x00007ff9aeb04000 	C:\Windows\SYSTEM32\dxva2.dll
0x00007ff9a5810000 - 0x00007ff9a584c000 	C:\Windows\System32\DriverStore\FileRepository\u0362957.inf_amd64_47170f5efa6cd04e\B362672\atig6txx.dll
0x00007ff9aa150000 - 0x00007ff9aa309000 	C:\Windows\SYSTEM32\atiadlxx.dll
0x00007ff9c2ad0000 - 0x00007ff9c2b0b000 	C:\Windows\SYSTEM32\dxcore.dll
0x00007ff9be890000 - 0x00007ff9be989000 	C:\Windows\SYSTEM32\textinputframework.dll
0x00007ff99b690000 - 0x00007ff99b6ec000 	C:\Users\ajayk\AppData\Local\Temp\lwjglajayk\3.1.2-build-29\lwjgl_opengl.dll
0x0000000064a00000 - 0x00000000656ed000 	C:\Users\ajayk\AppData\Local\Temp\imgui-java-natives_1628085180531\imgui-java64.dll

dbghelp: loaded successfully - version: 4.0.5 - missing functions: none
symbol engine: initialized successfully - sym options: 0x614 - pdb path: .;C:\Program Files\Java\jdk-16.0.1\bin;C:\Windows\SYSTEM32;C:\Windows\WinSxS\amd64_microsoft.windows.common-controls_6595b64144ccf1df_6.0.19041.1110_none_60b5254171f9507e;C:\Program Files\Java\jdk-16.0.1\bin\server;C:\Program Files\JetBrains\IntelliJ IDEA Community Edition 2021.1.3\bin;C:\Users\ajayk\AppData\Local\Temp\lwjglajayk\3.1.2-build-29;C:\Windows\System32\DriverStore\FileRepository\u0362957.inf_amd64_47170f5efa6cd04e\B362672;C:\Users\ajayk\AppData\Local\Temp\imgui-java-natives_1628085180531

VM Arguments:
jvm_args: -Djava.library.path=D:\fiver\Project_Seven\CGA-Projekt-master 3\CGA-Projekt-master\project\libs -javaagent:C:\Program Files\JetBrains\IntelliJ IDEA Community Edition 2021.1.3\lib\idea_rt.jar=50478:C:\Program Files\JetBrains\IntelliJ IDEA Community Edition 2021.1.3\bin -Dfile.encoding=UTF-8 
java_command: CGA.User.main
java_class_path (initial): D:\fiver\Project_Seven\CGA-Projekt-master 3\CGA-Projekt-master\out\production\CGA-Projekt-master;D:\fiver\Project_Seven\CGA-Projekt-master 3\CGA-Projekt-master\project\libs\lwjgl-release-3.1.2-custom\lwjgl-openvr-natives-linux.jar;D:\fiver\Project_Seven\CGA-Projekt-master 3\CGA-Projekt-master\project\libs\lwjgl-release-3.1.2-custom\lwjgl-jawt.jar;D:\fiver\Project_Seven\CGA-Projekt-master 3\CGA-Projekt-master\project\libs\lwjgl-release-3.1.2-custom\lwjgl-opengles-natives-macos.jar;D:\fiver\Project_Seven\CGA-Projekt-master 3\CGA-Projekt-master\project\libs\lwjgl-release-3.1.2-custom\lwjgl-nfd-natives-linux.jar;D:\fiver\Project_Seven\CGA-Projekt-master 3\CGA-Projekt-master\project\libs\lwjgl-release-3.1.2-custom\lwjgl-openvr.jar;D:\fiver\Project_Seven\CGA-Projekt-master 3\CGA-Projekt-master\project\libs\lwjgl-release-3.1.2-custom\lwjgl-par-natives-windows.jar;D:\fiver\Project_Seven\CGA-Projekt-master 3\CGA-Projekt-master\project\libs\lwjgl-release-3.1.2-custom\lwjgl-bgfx-natives-windows.jar;D:\fiver\Project_Seven\CGA-Projekt-master 3\CGA-Projekt-master\project\libs\lwjgl-release-3.1.2-custom\lwjgl-tinyfd.jar;D:\fiver\Project_Seven\CGA-Projekt-master 3\CGA-Projekt-master\project\libs\lwjgl-release-3.1.2-custom\lwjgl-nanovg-natives-linux.jar;D:\fiver\Project_Seven\CGA-Projekt-master 3\CGA-Projekt-master\project\libs\lwjgl-release-3.1.2-custom\lwjgl-stb.jar;D:\fiver\Project_Seven\CGA-Projekt-master 3\CGA-Projekt-master\project\libs\lwjgl-release-3.1.2-custom\lwjgl-lmdb-natives-windows.jar;D:\fiver\Project_Seven\CGA-Projekt-master 3\CGA-Projekt-master\project\libs\lwjgl-release-3.1.2-custom\lwjgl-openal-natives-linux.jar;D:\fiver\Project_Seven\CGA-Projekt-master 3\CGA-Projekt-master\project\libs\lwjgl-release-3.1.2-custom\lwjgl-glfw-sources.jar;D:\fiver\Project_Seven\CGA-Projekt-master 3\CGA-Projekt-master\project\libs\lwjgl-release-3.1.2-custom\lwjgl-yoga-natives-linux.jar;D:\fiver\Project_Seven\CGA-Projekt-master 3\CGA-Projekt-master\project\
Launcher Type: SUN_STANDARD

[Global flags]
     intx CICompilerCount                          = 12                                        {product} {ergonomic}
     uint ConcGCThreads                            = 3                                         {product} {ergonomic}
     uint G1ConcRefinementThreads                  = 13                                        {product} {ergonomic}
   size_t G1HeapRegionSize                         = 1048576                                   {product} {ergonomic}
    uintx GCDrainStackTargetSize                   = 64                                        {product} {ergonomic}
   size_t InitialHeapSize                          = 125829120                                 {product} {ergonomic}
   size_t MarkStackSize                            = 4194304                                   {product} {ergonomic}
   size_t MaxHeapSize                              = 1992294400                                {product} {ergonomic}
   size_t MaxNewSize                               = 1195376640                                {product} {ergonomic}
   size_t MinHeapDeltaBytes                        = 1048576                                   {product} {ergonomic}
   size_t MinHeapSize                              = 8388608                                   {product} {ergonomic}
    uintx NonNMethodCodeHeapSize                   = 7602480                                {pd product} {ergonomic}
    uintx NonProfiledCodeHeapSize                  = 122027880                              {pd product} {ergonomic}
    uintx ProfiledCodeHeapSize                     = 122027880                              {pd product} {ergonomic}
    uintx ReservedCodeCacheSize                    = 251658240                              {pd product} {ergonomic}
     bool SegmentedCodeCache                       = true                                      {product} {ergonomic}
   size_t SoftMaxHeapSize                          = 1992294400                             {manageable} {ergonomic}
     bool UseCompressedClassPointers               = true                           {product lp64_product} {ergonomic}
     bool UseCompressedOops                        = true                           {product lp64_product} {ergonomic}
     bool UseG1GC                                  = true                                      {product} {ergonomic}
     bool UseLargePagesIndividualAllocation        = false                                  {pd product} {ergonomic}

Logging:
Log output configuration:
 #0: stdout all=warning uptime,level,tags
 #1: stderr all=off uptime,level,tags

Environment Variables:
PATH=C:\Program Files\Common Files\Oracle\Java\javapath;C:\Windows\system32;C:\Windows;C:\Windows\System32\Wbem;C:\Windows\System32\WindowsPowerShell\v1.0\;C:\Windows\System32\OpenSSH\;C:\Program Files (x86)\NVIDIA Corporation\PhysX\Common;C:\Program Files\NVIDIA Corporation\NVIDIA NvDLISR;C:\Program Files\TortoiseSVN\bin;C:\Program Files\dotnet\;C:\Program Files\nodejs\;C:\Program Files\Git\cmd;C:\Users\ajayk\AppData\Local\Microsoft\WindowsApps;C:\Program Files\Unity\Hub\Editor\2019.4.21f1\Editor\Data\PlaybackEngines\AndroidPlayer\SDK\platform-tools;C:\Program Files\Notepad++;C:\Users\ajayk\.dotnet\tools;C:\Users\ajayk\AppData\Local\Programs\Microsoft VS Code\bin;C:\Users\ajayk\AppData\Roaming\npm;C:\Program Files\Android\jdk\microsoft_dist_openjdk_1.8.0.25\bin
USERNAME=ajayk
OS=Windows_NT
PROCESSOR_IDENTIFIER=AMD64 Family 23 Model 96 Stepping 1, AuthenticAMD



---------------  S Y S T E M  ---------------

OS:
 Windows 10 , 64 bit Build 19041 (10.0.19041.1023)
OS uptime: 8 days 0:29 hours

CPU: total 16 (initial active 16) (16 cores per cpu, 2 threads per core) family 23 model 96 stepping 1 microcode 0x0, cx8, cmov, fxsr, ht, mmx, 3dnowpref, sse, sse2, sse3, ssse3, sse4a, sse4.1, sse4.2, popcnt, lzcnt, tsc, tscinvbit, avx, avx2, aes, clmul, bmi1, bmi2, adx, sha, fma, vzeroupper, clflush, clflushopt

Memory: 4k page, system-wide physical 7597M (1165M free)
TotalPageFile size 17325M (AvailPageFile size 5240M)
current process WorkingSet (physical memory assigned to process): 99M, peak: 99M
current process commit charge ("private bytes"): 309M, peak: 309M

vm_info: Java HotSpot(TM) 64-Bit Server VM (16.0.1+9-24) for windows-amd64 JRE (16.0.1+9-24), built on Mar 26 2021 19:31:42 by "mach5one" with MS VC++ 16.7 (VS2019)

END.
